#
# A fatal error has been detected by the Java Runtime Environment:
#
#  EXCEPTION_ACCESS_VIOLATION (0xc0000005) at pc=0x000000005aab8f59, pid=202408, tid=234388
#
# JRE version: Java(TM) SE Runtime Environment (8.0_91-b15) (build 1.8.0_91-b15)
# Java VM: Java HotSpot(TM) 64-Bit Server VM (25.91-b15 mixed mode windows-amd64 compressed oops)
# Problematic frame:
# V  [jvm.dll+0x128f59]
#
# Failed to write core dump. Minidumps are not enabled by default on client versions of Windows
#
# If you would like to submit a bug report, please visit:
#   http://bugreport.java.com/bugreport/crash.jsp
#

---------------  T H R E A D  ---------------

Current thread (0x000000002c163000):  JavaThread "JDWP Transport Listener: dt_socket" daemon [_thread_in_vm, id=234388, stack(0x000000002d640000,0x000000002d740000)]

siginfo: ExceptionCode=0xc0000005, reading address 0xffffffffffffffff

Registers:
RAX=0x000000002d73f001, RBX=0x000000005aefe5e0, RCX=0x000000005aefe5e0, RDX=0xccccc300000029b8
RSP=0x000000002d73efd0, RBP=0x000000005afedc88, RSI=0x000000002d73f0e8, RDI=0x0000000002939010
R8 =0x000000002c163000, R9 =0x0000000000000001, R10=0x0000000000008000, R11=0x000000002d73ef20
R12=0x0000000000000000, R13=0x000000002c163968, R14=0x0000000000000000, R15=0x0000000000000000
RIP=0x000000005aab8f59, EFLAGS=0x0000000000010216

Top of Stack: (sp=0x000000002d73efd0)
0x000000002d73efd0:   000000002c163000 000000002c163000
0x000000002d73efe0:   000000002d73f098 000000005acbf32b
0x000000002d73eff0:   000000002c163000 000000005acdbb8d
0x000000002d73f000:   0000000000000000 000000005a929155
0x000000002d73f010:   0000000037cacf88 000000005a93291e
0x000000002d73f020:   000000002c163000 0000000000000000
0x000000002d73f030:   0000000000000000 0000000000000000
0x000000002d73f040:   000000005afedc88 000000005a931a15
0x000000002d73f050:   000000002d73f0e8 000000002d73f0c0
0x000000002d73f060:   0000000000000001 0000000037cacf88
0x000000002d73f070:   000000005afedc88 000000005a9153b3
0x000000002d73f080:   000000002d73f1b0 0000000000000001
0x000000002d73f090:   0000000000000001 0000000037cacf88
0x000000002d73f0a0:   00000000f000100a 0000000000000000
0x000000002d73f0b0:   0000000000000000 0000000000000000
0x000000002d73f0c0:   0000000000000001 000000005a915571 

Instructions: (pc=0x000000005aab8f59)
0x000000005aab8f39:   33 c0 48 83 c4 28 c3 48 89 5c 24 20 48 8b 19 48
0x000000005aab8f49:   85 db 74 20 48 83 fb 37 74 1a 48 8b 13 48 8b cb
0x000000005aab8f59:   ff 52 10 84 c0 74 0d 48 8b c3 48 8b 5c 24 20 48
0x000000005aab8f69:   83 c4 28 c3 33 c0 48 8b 5c 24 20 48 83 c4 28 c3 


Register to memory mapping:

RAX=0x000000002d73f001 is pointing into the stack for thread: 0x000000002c163000
RBX=0x000000005aefe5e0 is an unknown value
RCX=0x000000005aefe5e0 is an unknown value
RDX=0xccccc300000029b8 is an unknown value
RSP=0x000000002d73efd0 is pointing into the stack for thread: 0x000000002c163000
RBP=0x000000005afedc88 is an unknown value
RSI=0x000000002d73f0e8 is pointing into the stack for thread: 0x000000002c163000
RDI=0x0000000002939010 is an unknown value
R8 =0x000000002c163000 is a thread
R9 =0x0000000000000001 is an unknown value
R10=0x0000000000008000 is an unknown value
R11=0x000000002d73ef20 is pointing into the stack for thread: 0x000000002c163000
R12=0x0000000000000000 is an unknown value
R13=0x000000002c163968 is an unknown value
R14=0x0000000000000000 is an unknown value
R15=0x0000000000000000 is an unknown value


Stack: [0x000000002d640000,0x000000002d740000],  sp=0x000000002d73efd0,  free space=1019k
Native frames: (J=compiled Java code, j=interpreted, Vv=VM code, C=native code)
V  [jvm.dll+0x128f59]
V  [jvm.dll+0x34bb8d]
C  [jdwp.dll+0x21a15]
C  [jdwp.dll+0x53b3]
C  [jdwp.dll+0x5571]
C  [jdwp.dll+0xf0a8]
C  [jdwp.dll+0x1f2d5]
C  [jdwp.dll+0x1f4aa]
V  [jvm.dll+0x1bbf38]
V  [jvm.dll+0x243ae4]
V  [jvm.dll+0x29a99a]
C  [msvcr100.dll+0x21d9f]
C  [msvcr100.dll+0x21e3b]
C  [KERNEL32.DLL+0x17614]
C  [ntdll.dll+0x526a1]


---------------  P R O C E S S  ---------------

Java Threads: ( => current thread )
  0x0000000002be4000 JavaThread "DestroyJavaVM" [_thread_blocked, id=234688, stack(0x0000000002940000,0x0000000002a40000)]
  0x0000000038127000 JavaThread "TimerQueue" daemon [_thread_in_Java, id=235736, stack(0x0000000038ff0000,0x00000000390f0000)]
  0x0000000037cd8000 JavaThread "D3D Screen Updater" daemon [_thread_blocked, id=231656, stack(0x0000000038ed0000,0x0000000038fd0000)]
  0x0000000037e7e000 JavaThread "AWT-EventQueue-0" [_thread_blocked, id=236156, stack(0x0000000039300000,0x0000000039400000)]
  0x0000000037e7d800 JavaThread "AWT-Shutdown" [_thread_blocked, id=237740, stack(0x000000002faf0000,0x000000002fbf0000)]
  0x000000002e830800 JavaThread "AWT-Windows" daemon [_thread_in_native, id=177584, stack(0x000000002fbf0000,0x000000002fcf0000)]
  0x000000002df8b000 JavaThread "Java2D Disposer" daemon [_thread_blocked, id=237008, stack(0x000000002f9f0000,0x000000002faf0000)]
  0x000000002dd9d800 JavaThread "Service Thread" daemon [_thread_blocked, id=235692, stack(0x000000002e540000,0x000000002e640000)]
  0x000000002c451800 JavaThread "C1 CompilerThread3" daemon [_thread_blocked, id=237980, stack(0x000000002dc40000,0x000000002dd40000)]
  0x000000002c44f000 JavaThread "C2 CompilerThread2" daemon [_thread_blocked, id=237440, stack(0x000000002db40000,0x000000002dc40000)]
  0x000000002c44a000 JavaThread "C2 CompilerThread1" daemon [_thread_blocked, id=234384, stack(0x000000002da40000,0x000000002db40000)]
  0x000000002c443800 JavaThread "C2 CompilerThread0" daemon [_thread_blocked, id=227708, stack(0x000000002d940000,0x000000002da40000)]
  0x000000002c173000 JavaThread "JDWP Command Reader" daemon [_thread_in_native, id=238316, stack(0x000000002d840000,0x000000002d940000)]
  0x000000002c170000 JavaThread "JDWP Event Helper Thread" daemon [_thread_blocked, id=237180, stack(0x000000002d740000,0x000000002d840000)]
=>0x000000002c163000 JavaThread "JDWP Transport Listener: dt_socket" daemon [_thread_in_vm, id=234388, stack(0x000000002d640000,0x000000002d740000)]
  0x000000002c15a800 JavaThread "Attach Listener" daemon [_thread_blocked, id=227692, stack(0x000000002d540000,0x000000002d640000)]
  0x000000002c106000 JavaThread "Signal Dispatcher" daemon [_thread_blocked, id=234780, stack(0x000000002d440000,0x000000002d540000)]
  0x000000002c0e3800 JavaThread "Finalizer" daemon [_thread_blocked, id=229852, stack(0x000000002d340000,0x000000002d440000)]
  0x000000002aa1c800 JavaThread "Reference Handler" daemon [_thread_blocked, id=225116, stack(0x000000002d240000,0x000000002d340000)]

Other Threads:
  0x000000002aa16800 VMThread [stack: 0x000000002d140000,0x000000002d240000] [id=228732]
  0x000000002deca800 WatcherThread [stack: 0x000000002e640000,0x000000002e740000] [id=236788]

VM state:not at safepoint (normal execution)

VM Mutex/Monitor currently owned by a thread: None

Heap:
 PSYoungGen      total 435200K, used 352168K [0x00000006eb100000, 0x000000070ad80000, 0x00000007c0000000)
  eden space 434688K, 80% used [0x00000006eb100000,0x00000007008ca2b8,0x0000000705980000)
  from space 512K, 25% used [0x0000000706380000,0x00000007063a0000,0x0000000706400000)
  to   space 43008K, 0% used [0x0000000708380000,0x0000000708380000,0x000000070ad80000)
 ParOldGen       total 526336K, used 93531K [0x0000000541200000, 0x0000000561400000, 0x00000006eb100000)
  object space 526336K, 17% used [0x0000000541200000,0x0000000546d56e00,0x0000000561400000)
 Metaspace       used 42339K, capacity 43168K, committed 43520K, reserved 1087488K
  class space    used 5325K, capacity 5507K, committed 5632K, reserved 1048576K

Card table byte_map: [0x00000000120a0000,0x00000000134a0000] byte_map_base: 0x000000000f697000

Marking Bits: (ParMarkBitMap*) 0x000000005b1a2f70
 Begin Bits: [0x0000000014bf0000, 0x000000001eba8000)
 End Bits:   [0x000000001eba8000, 0x0000000028b60000)

Polling page: 0x0000000002490000

CodeCache: size=245760Kb used=17581Kb max_used=17594Kb free=228178Kb
 bounds [0x0000000002ce0000, 0x0000000003e30000, 0x0000000011ce0000]
 total_blobs=5772 nmethods=5082 adapters=609
 compilation: enabled

Compilation events (10 events):
Event: 15.015 Thread 0x000000002c44f000 nmethod 5960 0x0000000003e1e050 code [0x0000000003e1e1c0, 0x0000000003e1e668]
Event: 15.015 Thread 0x000000002c451800 nmethod 5962 0x0000000003e1b610 code [0x0000000003e1b7c0, 0x0000000003e1bcb8]
Event: 15.015 Thread 0x000000002c451800 5964   !   3       java.lang.Class::getSimpleBinaryName (38 bytes)
Event: 15.015 Thread 0x000000002c451800 nmethod 5964 0x0000000003e1d2d0 code [0x0000000003e1d4a0, 0x0000000003e1dca8]
Event: 15.015 Thread 0x000000002c451800 5965       3       java.lang.invoke.MethodHandle::<init> (35 bytes)
Event: 15.015 Thread 0x000000002c451800 nmethod 5965 0x0000000003e1aed0 code [0x0000000003e1b060, 0x0000000003e1b458]
Event: 15.015 Thread 0x000000002c451800 5966       3       java.lang.invoke.LambdaForm::prepare (43 bytes)
Event: 15.016 Thread 0x000000002c451800 nmethod 5966 0x0000000003e1ccd0 code [0x0000000003e1ce60, 0x0000000003e1d1a8]
Event: 16.625 Thread 0x000000002c44a000 5967       4       java.util.ArrayList::toArray (60 bytes)
Event: 16.628 Thread 0x000000002c44a000 nmethod 5967 0x0000000003e21b90 code [0x0000000003e21ce0, 0x0000000003e222d8]

GC Heap History (10 events):
Event: 53.978 GC heap before
{Heap before GC invocations=31 (full 2):
 PSYoungGen      total 528384K, used 489024K [0x00000006eb100000, 0x000000070f680000, 0x00000007c0000000)
  eden space 488960K, 100% used [0x00000006eb100000,0x0000000708e80000,0x0000000708e80000)
  from space 39424K, 0% used [0x000000070d000000,0x000000070d010000,0x000000070f680000)
  to   space 53248K, 0% used [0x0000000708e80000,0x0000000708e80000,0x000000070c280000)
 ParOldGen       total 526336K, used 93523K [0x0000000541200000, 0x0000000561400000, 0x00000006eb100000)
  object space 526336K, 17% used [0x0000000541200000,0x0000000546d54e00,0x0000000561400000)
 Metaspace       used 42297K, capacity 43104K, committed 43264K, reserved 1087488K
  class space    used 5323K, capacity 5507K, committed 5632K, reserved 1048576K
Event: 53.983 GC heap after
Heap after GC invocations=31 (full 2):
 PSYoungGen      total 477696K, used 64K [0x00000006eb100000, 0x000000070e700000, 0x00000007c0000000)
  eden space 477184K, 0% used [0x00000006eb100000,0x00000006eb100000,0x0000000708300000)
  from space 512K, 12% used [0x0000000708e80000,0x0000000708e90000,0x0000000708f00000)
  to   space 51200K, 0% used [0x000000070b500000,0x000000070b500000,0x000000070e700000)
 ParOldGen       total 526336K, used 93523K [0x0000000541200000, 0x0000000561400000, 0x00000006eb100000)
  object space 526336K, 17% used [0x0000000541200000,0x0000000546d54e00,0x0000000561400000)
 Metaspace       used 42297K, capacity 43104K, committed 43264K, reserved 1087488K
  class space    used 5323K, capacity 5507K, committed 5632K, reserved 1048576K
}
Event: 55.772 GC heap before
{Heap before GC invocations=32 (full 2):
 PSYoungGen      total 477696K, used 477248K [0x00000006eb100000, 0x000000070e700000, 0x00000007c0000000)
  eden space 477184K, 100% used [0x00000006eb100000,0x0000000708300000,0x0000000708300000)
  from space 512K, 12% used [0x0000000708e80000,0x0000000708e90000,0x0000000708f00000)
  to   space 51200K, 0% used [0x000000070b500000,0x000000070b500000,0x000000070e700000)
 ParOldGen       total 526336K, used 93523K [0x0000000541200000, 0x0000000561400000, 0x00000006eb100000)
  object space 526336K, 17% used [0x0000000541200000,0x0000000546d54e00,0x0000000561400000)
 Metaspace       used 42297K, capacity 43104K, committed 43264K, reserved 1087488K
  class space    used 5323K, capacity 5507K, committed 5632K, reserved 1048576K
Event: 55.774 GC heap after
Heap after GC invocations=32 (full 2):
 PSYoungGen      total 502784K, used 64K [0x00000006eb100000, 0x000000070d900000, 0x00000007c0000000)
  eden space 465920K, 0% used [0x00000006eb100000,0x00000006eb100000,0x0000000707800000)
  from space 36864K, 0% used [0x000000070b500000,0x000000070b510000,0x000000070d900000)
  to   space 49664K, 0% used [0x0000000707800000,0x0000000707800000,0x000000070a880000)
 ParOldGen       total 526336K, used 93523K [0x0000000541200000, 0x0000000561400000, 0x00000006eb100000)
  object space 526336K, 17% used [0x0000000541200000,0x0000000546d54e00,0x0000000561400000)
 Metaspace       used 42297K, capacity 43104K, committed 43264K, reserved 1087488K
  class space    used 5323K, capacity 5507K, committed 5632K, reserved 1048576K
}
Event: 57.517 GC heap before
{Heap before GC invocations=33 (full 2):
 PSYoungGen      total 502784K, used 465984K [0x00000006eb100000, 0x000000070d900000, 0x00000007c0000000)
  eden space 465920K, 100% used [0x00000006eb100000,0x0000000707800000,0x0000000707800000)
  from space 36864K, 0% used [0x000000070b500000,0x000000070b510000,0x000000070d900000)
  to   space 49664K, 0% used [0x0000000707800000,0x0000000707800000,0x000000070a880000)
 ParOldGen       total 526336K, used 93523K [0x0000000541200000, 0x0000000561400000, 0x00000006eb100000)
  object space 526336K, 17% used [0x0000000541200000,0x0000000546d54e00,0x0000000561400000)
 Metaspace       used 42297K, capacity 43104K, committed 43264K, reserved 1087488K
  class space    used 5323K, capacity 5507K, committed 5632K, reserved 1048576K
Event: 57.520 GC heap after
Heap after GC invocations=33 (full 2):
 PSYoungGen      total 455680K, used 64K [0x00000006eb100000, 0x000000070c980000, 0x00000007c0000000)
  eden space 455168K, 0% used [0x00000006eb100000,0x00000006eb100000,0x0000000706d80000)
  from space 512K, 12% used [0x0000000707800000,0x0000000707810000,0x0000000707880000)
  to   space 47104K, 0% used [0x0000000709b80000,0x0000000709b80000,0x000000070c980000)
 ParOldGen       total 526336K, used 93523K [0x0000000541200000, 0x0000000561400000, 0x00000006eb100000)
  object space 526336K, 17% used [0x0000000541200000,0x0000000546d54e00,0x0000000561400000)
 Metaspace       used 42297K, capacity 43104K, committed 43264K, reserved 1087488K
  class space    used 5323K, capacity 5507K, committed 5632K, reserved 1048576K
}
Event: 59.240 GC heap before
{Heap before GC invocations=34 (full 2):
 PSYoungGen      total 455680K, used 455232K [0x00000006eb100000, 0x000000070c980000, 0x00000007c0000000)
  eden space 455168K, 100% used [0x00000006eb100000,0x0000000706d80000,0x0000000706d80000)
  from space 512K, 12% used [0x0000000707800000,0x0000000707810000,0x0000000707880000)
  to   space 47104K, 0% used [0x0000000709b80000,0x0000000709b80000,0x000000070c980000)
 ParOldGen       total 526336K, used 93523K [0x0000000541200000, 0x0000000561400000, 0x00000006eb100000)
  object space 526336K, 17% used [0x0000000541200000,0x0000000546d54e00,0x0000000561400000)
 Metaspace       used 42297K, capacity 43104K, committed 43264K, reserved 1087488K
  class space    used 5323K, capacity 5507K, committed 5632K, reserved 1048576K
Event: 59.243 GC heap after
Heap after GC invocations=34 (full 2):
 PSYoungGen      total 477696K, used 96K [0x00000006eb100000, 0x000000070bb80000, 0x00000007c0000000)
  eden space 444928K, 0% used [0x00000006eb100000,0x00000006eb100000,0x0000000706380000)
  from space 32768K, 0% used [0x0000000709b80000,0x0000000709b98000,0x000000070bb80000)
  to   space 45056K, 0% used [0x0000000706380000,0x0000000706380000,0x0000000708f80000)
 ParOldGen       total 526336K, used 93523K [0x0000000541200000, 0x0000000561400000, 0x00000006eb100000)
  object space 526336K, 17% used [0x0000000541200000,0x0000000546d54e00,0x0000000561400000)
 Metaspace       used 42297K, capacity 43104K, committed 43264K, reserved 1087488K
  class space    used 5323K, capacity 5507K, committed 5632K, reserved 1048576K
}
Event: 60.913 GC heap before
{Heap before GC invocations=35 (full 2):
 PSYoungGen      total 477696K, used 445024K [0x00000006eb100000, 0x000000070bb80000, 0x00000007c0000000)
  eden space 444928K, 100% used [0x00000006eb100000,0x0000000706380000,0x0000000706380000)
  from space 32768K, 0% used [0x0000000709b80000,0x0000000709b98000,0x000000070bb80000)
  to   space 45056K, 0% used [0x0000000706380000,0x0000000706380000,0x0000000708f80000)
 ParOldGen       total 526336K, used 93523K [0x0000000541200000, 0x0000000561400000, 0x00000006eb100000)
  object space 526336K, 17% used [0x0000000541200000,0x0000000546d54e00,0x0000000561400000)
 Metaspace       used 42297K, capacity 43104K, committed 43264K, reserved 1087488K
  class space    used 5323K, capacity 5507K, committed 5632K, reserved 1048576K
Event: 60.916 GC heap after
Heap after GC invocations=35 (full 2):
 PSYoungGen      total 435200K, used 128K [0x00000006eb100000, 0x000000070ad80000, 0x00000007c0000000)
  eden space 434688K, 0% used [0x00000006eb100000,0x00000006eb100000,0x0000000705980000)
  from space 512K, 25% used [0x0000000706380000,0x00000007063a0000,0x0000000706400000)
  to   space 43008K, 0% used [0x0000000708380000,0x0000000708380000,0x000000070ad80000)
 ParOldGen       total 526336K, used 93531K [0x0000000541200000, 0x0000000561400000, 0x00000006eb100000)
  object space 526336K, 17% used [0x0000000541200000,0x0000000546d56e00,0x0000000561400000)
 Metaspace       used 42297K, capacity 43104K, committed 43264K, reserved 1087488K
  class space    used 5323K, capacity 5507K, committed 5632K, reserved 1048576K
}

Deoptimization events (10 events):
Event: 14.937 Thread 0x0000000037e7e000 Uncommon trap: reason=unstable_if action=reinterpret pc=0x0000000002e73490 method=sun.util.calendar.BaseCalendar.getFixedDate(IIILsun/util/calendar/BaseCalendar$Date;)J @ 7
Event: 15.002 Thread 0x0000000037e7e000 Uncommon trap: reason=bimorphic action=maybe_recompile pc=0x00000000038a6a08 method=java.util.stream.ReduceOps$3ReducingSink.accept(Ljava/lang/Object;)V @ 9
Event: 15.002 Thread 0x0000000037e7e000 Uncommon trap: reason=bimorphic action=maybe_recompile pc=0x00000000038a6a08 method=java.util.stream.ReduceOps$3ReducingSink.accept(Ljava/lang/Object;)V @ 9
Event: 15.002 Thread 0x0000000037e7e000 Uncommon trap: reason=bimorphic action=maybe_recompile pc=0x00000000038a6a08 method=java.util.stream.ReduceOps$3ReducingSink.accept(Ljava/lang/Object;)V @ 9
Event: 15.002 Thread 0x0000000037e7e000 Uncommon trap: reason=bimorphic action=maybe_recompile pc=0x00000000038a6a08 method=java.util.stream.ReduceOps$3ReducingSink.accept(Ljava/lang/Object;)V @ 9
Event: 15.007 Thread 0x0000000037e7e000 Uncommon trap: reason=unhandled action=none pc=0x0000000003715188 method=java.net.URLClassLoader.findClass(Ljava/lang/String;)Ljava/lang/Class; @ 44
Event: 15.009 Thread 0x0000000037e7e000 Uncommon trap: reason=unhandled action=none pc=0x0000000003715188 method=java.net.URLClassLoader.findClass(Ljava/lang/String;)Ljava/lang/Class; @ 44
Event: 15.010 Thread 0x0000000037e7e000 Uncommon trap: reason=unstable_if action=reinterpret pc=0x000000000314a650 method=java.util.Calendar.setFieldsNormalized(I)V @ 3
Event: 15.010 Thread 0x0000000037e7e000 Uncommon trap: reason=unhandled action=none pc=0x0000000003715188 method=java.net.URLClassLoader.findClass(Ljava/lang/String;)Ljava/lang/Class; @ 44
Event: 15.012 Thread 0x0000000037e7e000 Uncommon trap: reason=unhandled action=none pc=0x0000000003715188 method=java.net.URLClassLoader.findClass(Ljava/lang/String;)Ljava/lang/Class; @ 44

Internal exceptions (10 events):
Event: 7.139 Thread 0x0000000039c5b800 Exception <a 'java/lang/ArrayIndexOutOfBoundsException': 40> (0x00000006f1c88bc8) thrown at [C:\re\workspace\8-2-build-windows-amd64-cygwin\jdk8u91\7017\hotspot\src\share\vm\interpreter\interpreterRuntime.cpp, line 366]
Event: 7.139 Thread 0x0000000039c5b800 Exception <a 'java/lang/ArrayIndexOutOfBoundsException': 139> (0x00000006f1c8a6f8) thrown at [C:\re\workspace\8-2-build-windows-amd64-cygwin\jdk8u91\7017\hotspot\src\share\vm\interpreter\interpreterRuntime.cpp, line 366]
Event: 7.139 Thread 0x0000000039c5b800 Exception <a 'java/lang/ArrayIndexOutOfBoundsException': 92> (0x00000006f1c8bde8) thrown at [C:\re\workspace\8-2-build-windows-amd64-cygwin\jdk8u91\7017\hotspot\src\share\vm\interpreter\interpreterRuntime.cpp, line 366]
Event: 7.139 Thread 0x0000000039c5b800 Exception <a 'java/lang/ArrayIndexOutOfBoundsException': 83> (0x00000006f1c98d08) thrown at [C:\re\workspace\8-2-build-windows-amd64-cygwin\jdk8u91\7017\hotspot\src\share\vm\interpreter\interpreterRuntime.cpp, line 366]
Event: 7.166 Thread 0x0000000039c5b800 Exception <a 'java/lang/ArrayIndexOutOfBoundsException': 464> (0x00000006f1fda5b8) thrown at [C:\re\workspace\8-2-build-windows-amd64-cygwin\jdk8u91\7017\hotspot\src\share\vm\interpreter\interpreterRuntime.cpp, line 366]
Event: 7.174 Thread 0x0000000039c5b800 Exception <a 'java/lang/ArrayIndexOutOfBoundsException': 59> (0x00000006f20d7d00) thrown at [C:\re\workspace\8-2-build-windows-amd64-cygwin\jdk8u91\7017\hotspot\src\share\vm\interpreter\interpreterRuntime.cpp, line 366]
Event: 7.206 Thread 0x0000000039c5b800 Exception <a 'java/lang/ArrayIndexOutOfBoundsException': 67> (0x00000006f24c8248) thrown at [C:\re\workspace\8-2-build-windows-amd64-cygwin\jdk8u91\7017\hotspot\src\share\vm\interpreter\interpreterRuntime.cpp, line 366]
Event: 8.601 Thread 0x0000000037e1d800 Implicit null exception at 0x000000000343b675 to 0x0000000003444801
Event: 14.521 Thread 0x0000000037e7e000 Implicit null exception at 0x0000000003443bea to 0x0000000003445279
Event: 15.001 Thread 0x0000000037e7e000 Exception <a 'java/lang/NoSuchMethodError': java.lang.Object.lambda$identity$2(Ljava/lang/Object;)Ljava/lang/Object;> (0x00000006ecea4f80) thrown at [C:\re\workspace\8-2-build-windows-amd64-cygwin\jdk8u91\7017\hotspot\src\share\vm\interpreter\linkResolver.ευ»ο@

Events (10 events):
Event: 62.179 Executing VM operation: EnterInterpOnlyMode
Event: 62.179 Executing nested VM operation: Deoptimize
Event: 62.180 Executing nested VM operation: Deoptimize done
Event: 62.180 Executing VM operation: EnterInterpOnlyMode done
Event: 62.180 Executing VM operation: ChangeSingleStep
Event: 62.180 Executing VM operation: ChangeSingleStep done
Event: 62.182 Executing VM operation: ChangeSingleStep
Event: 62.182 Executing VM operation: ChangeSingleStep done
Event: 62.194 Executing VM operation: RedefineClasses
Event: 62.248 Executing VM operation: RedefineClasses done


Dynamic libraries:
0x00007ff64b350000 - 0x00007ff64b387000 	C:\Program Files\Java\jdk1.8.0_91\bin\javaw.exe
0x00007ff8413f0000 - 0x00007ff8415e8000 	C:\WINDOWS\SYSTEM32\ntdll.dll
0x00007ff83f8d0000 - 0x00007ff83f98f000 	C:\WINDOWS\System32\KERNEL32.DLL
0x00007ff83f050000 - 0x00007ff83f322000 	C:\WINDOWS\System32\KERNELBASE.dll
0x00007ff840810000 - 0x00007ff8408be000 	C:\WINDOWS\System32\ADVAPI32.dll
0x00007ff841100000 - 0x00007ff84119e000 	C:\WINDOWS\System32\msvcrt.dll
0x00007ff83f830000 - 0x00007ff83f8cc000 	C:\WINDOWS\System32\sechost.dll
0x00007ff83f4d0000 - 0x00007ff83f5f4000 	C:\WINDOWS\System32\RPCRT4.dll
0x00007ff83f9c0000 - 0x00007ff83fb61000 	C:\WINDOWS\System32\USER32.dll
0x00007ff83ee00000 - 0x00007ff83ee22000 	C:\WINDOWS\System32\win32u.dll
0x00007ff83f990000 - 0x00007ff83f9bb000 	C:\WINDOWS\System32\GDI32.dll
0x00007ff83ec50000 - 0x00007ff83ed5f000 	C:\WINDOWS\System32\gdi32full.dll
0x00007ff83ed60000 - 0x00007ff83edfd000 	C:\WINDOWS\System32\msvcp_win.dll
0x00007ff83ee30000 - 0x00007ff83ef30000 	C:\WINDOWS\System32\ucrtbase.dll
0x00007ff828870000 - 0x00007ff828b0a000 	C:\WINDOWS\WinSxS\amd64_microsoft.windows.common-controls_6595b64144ccf1df_6.0.19041.1110_none_60b5254171f9507e\COMCTL32.dll
0x00007ff83f600000 - 0x00007ff83f630000 	C:\WINDOWS\System32\IMM32.DLL
0x000000005b230000 - 0x000000005b302000 	C:\Program Files\Java\jdk1.8.0_91\jre\bin\msvcr100.dll
0x000000005a990000 - 0x000000005b223000 	C:\Program Files\Java\jdk1.8.0_91\jre\bin\server\jvm.dll
0x00007ff83f6f0000 - 0x00007ff83f6f8000 	C:\WINDOWS\System32\PSAPI.DLL
0x00007ff8353a0000 - 0x00007ff8353a9000 	C:\WINDOWS\SYSTEM32\WSOCK32.dll
0x00007ff82b910000 - 0x00007ff82b937000 	C:\WINDOWS\SYSTEM32\WINMM.dll
0x00007ff841030000 - 0x00007ff84109b000 	C:\WINDOWS\System32\WS2_32.dll
0x00007ff837fb0000 - 0x00007ff837fba000 	C:\WINDOWS\SYSTEM32\VERSION.dll
0x000000005a980000 - 0x000000005a98f000 	C:\Program Files\Java\jdk1.8.0_91\jre\bin\verify.dll
0x000000005a950000 - 0x000000005a979000 	C:\Program Files\Java\jdk1.8.0_91\jre\bin\java.dll
0x000000005a910000 - 0x000000005a945000 	C:\Program Files\Java\jdk1.8.0_91\jre\bin\jdwp.dll
0x000000005a900000 - 0x000000005a908000 	C:\Program Files\Java\jdk1.8.0_91\jre\bin\npt.dll
0x000000005a8d0000 - 0x000000005a8f3000 	C:\Program Files\Java\jdk1.8.0_91\jre\bin\instrument.dll
0x000000005a8b0000 - 0x000000005a8c6000 	C:\Program Files\Java\jdk1.8.0_91\jre\bin\zip.dll
0x00007ff8408c0000 - 0x00007ff841005000 	C:\WINDOWS\System32\SHELL32.dll
0x00007ff83cb90000 - 0x00007ff83d322000 	C:\WINDOWS\SYSTEM32\windows.storage.dll
0x00007ff83fdf0000 - 0x00007ff840145000 	C:\WINDOWS\System32\combase.dll
0x00007ff83e470000 - 0x00007ff83e4a0000 	C:\WINDOWS\SYSTEM32\Wldp.dll
0x00007ff83f640000 - 0x00007ff83f6ed000 	C:\WINDOWS\System32\SHCORE.dll
0x00007ff8410a0000 - 0x00007ff8410f5000 	C:\WINDOWS\System32\shlwapi.dll
0x00007ff83ea30000 - 0x00007ff83ea4f000 	C:\WINDOWS\SYSTEM32\profapi.dll
0x000000005a8a0000 - 0x000000005a8a9000 	C:\Program Files\Java\jdk1.8.0_91\jre\bin\dt_socket.dll
0x00007ff8197f0000 - 0x00007ff819807000 	C:\WINDOWS\system32\napinsp.dll
0x00007ff819550000 - 0x00007ff81956b000 	C:\WINDOWS\system32\pnrpnsp.dll
0x00007ff839e70000 - 0x00007ff839e85000 	C:\WINDOWS\system32\wshbth.dll
0x00007ff8389e0000 - 0x00007ff8389fd000 	C:\WINDOWS\system32\NLAapi.dll
0x00007ff83df10000 - 0x00007ff83df4b000 	C:\WINDOWS\SYSTEM32\IPHLPAPI.DLL
0x00007ff83e250000 - 0x00007ff83e2ba000 	C:\WINDOWS\System32\mswsock.dll
0x00007ff83df60000 - 0x00007ff83e02b000 	C:\WINDOWS\SYSTEM32\DNSAPI.dll
0x00007ff83f630000 - 0x00007ff83f638000 	C:\WINDOWS\System32\NSI.dll
0x00007ff819530000 - 0x00007ff819542000 	C:\WINDOWS\System32\winrnr.dll
0x00007ff835d70000 - 0x00007ff835df0000 	C:\WINDOWS\System32\fwpuclnt.dll
0x00007ff83f410000 - 0x00007ff83f437000 	C:\WINDOWS\System32\bcrypt.dll
0x00007ff8388a0000 - 0x00007ff8388aa000 	C:\Windows\System32\rasadhlp.dll
0x000000005a700000 - 0x000000005a898000 	C:\Program Files\Java\jdk1.8.0_91\jre\bin\awt.dll
0x00007ff83f760000 - 0x00007ff83f82d000 	C:\WINDOWS\System32\OLEAUT32.dll
0x00007ff83c2e0000 - 0x00007ff83c370000 	C:\WINDOWS\SYSTEM32\apphelp.dll
0x00007ff83c4c0000 - 0x00007ff83c55e000 	C:\WINDOWS\system32\uxtheme.dll
0x00007ff8406f0000 - 0x00007ff840804000 	C:\WINDOWS\System32\MSCTF.dll
0x00007ff8405c0000 - 0x00007ff8406ea000 	C:\WINDOWS\System32\ole32.dll
0x00007ff83c990000 - 0x00007ff83c9a2000 	C:\WINDOWS\SYSTEM32\kernel.appcore.dll
0x00007ff83f330000 - 0x00007ff83f3b2000 	C:\WINDOWS\System32\bcryptPrimitives.dll
0x00007ff83c780000 - 0x00007ff83c7af000 	C:\WINDOWS\system32\DWMAPI.DLL
0x00007ff81b200000 - 0x00007ff81b3ce000 	C:\WINDOWS\system32\d3d9.dll
0x00007ff83e6e0000 - 0x00007ff83e6f2000 	C:\WINDOWS\SYSTEM32\msasn1.dll
0x00007ff837f70000 - 0x00007ff837fa1000 	C:\WINDOWS\SYSTEM32\cryptnet.dll
0x00007ff83eaf0000 - 0x00007ff83ec46000 	C:\WINDOWS\System32\CRYPT32.dll
0x00007ff83e3e0000 - 0x00007ff83e3ec000 	C:\WINDOWS\SYSTEM32\cryptbase.dll
0x00007ff83ef30000 - 0x00007ff83ef99000 	C:\WINDOWS\System32\WINTRUST.DLL
0x00007ff841010000 - 0x00007ff84102d000 	C:\WINDOWS\System32\imagehlp.dll
0x00007ff83e4b0000 - 0x00007ff83e4c8000 	C:\WINDOWS\SYSTEM32\CRYPTSP.dll
0x00007ff83db20000 - 0x00007ff83db54000 	C:\WINDOWS\system32\rsaenh.dll
0x00007ff819810000 - 0x00007ff8198ce000 	C:\WINDOWS\System32\DriverStore\FileRepository\nv_dispig.inf_amd64_f840d03a202f8a32\nvldumdx.dll
0x00007ff837e20000 - 0x00007ff837f68000 	C:\WINDOWS\SYSTEM32\drvstore.dll
0x00007ff83e8a0000 - 0x00007ff83e8cc000 	C:\WINDOWS\SYSTEM32\devobj.dll
0x00007ff83f3c0000 - 0x00007ff83f40e000 	C:\WINDOWS\System32\cfgmgr32.dll
0x00007fff8e9c0000 - 0x00007fff90fcf000 	C:\WINDOWS\System32\DriverStore\FileRepository\nv_dispig.inf_amd64_f840d03a202f8a32\nvd3dumx.dll
0x00007fffe6210000 - 0x00007fffe64e1000 	C:\WINDOWS\system32\nvspcap64.dll
0x00007ff83dc40000 - 0x00007ff83dc73000 	C:\WINDOWS\SYSTEM32\ntmarta.dll
0x00007ff83d340000 - 0x00007ff83d363000 	C:\WINDOWS\SYSTEM32\gpapi.dll
0x00007ff839d20000 - 0x00007ff839d5b000 	C:\WINDOWS\SYSTEM32\dxcore.dll
0x000000005a6b0000 - 0x000000005a6f7000 	C:\Program Files\Java\jdk1.8.0_91\jre\bin\fontmanager.dll
0x000000005a690000 - 0x000000005a6aa000 	C:\Program Files\Java\jdk1.8.0_91\jre\bin\net.dll
0x000000005a670000 - 0x000000005a681000 	C:\Program Files\Java\jdk1.8.0_91\jre\bin\nio.dll
0x000000005a660000 - 0x000000005a66d000 	C:\Program Files\Java\jdk1.8.0_91\jre\bin\management.dll
0x00007ff83fc60000 - 0x00007ff83fd09000 	C:\WINDOWS\System32\clbcatq.dll
0x00007ff81c3e0000 - 0x00007ff81c594000 	C:\WINDOWS\SYSTEM32\WindowsCodecs.dll
0x00007ff81f9e0000 - 0x00007ff81fa1e000 	C:\WINDOWS\system32\dataexchange.dll
0x00007ff83b7e0000 - 0x00007ff83b9c3000 	C:\WINDOWS\system32\dcomp.dll
0x00007ff83a9f0000 - 0x00007ff83ac53000 	C:\WINDOWS\system32\d3d11.dll
0x00007ff83d370000 - 0x00007ff83d463000 	C:\WINDOWS\system32\dxgi.dll
0x00007ff81dc50000 - 0x00007ff81de50000 	C:\WINDOWS\system32\twinapi.appcore.dll
0x000000005a610000 - 0x000000005a652000 	C:\Program Files\Java\jdk1.8.0_91\jre\bin\t2k.dll
0x00007ff81f3a0000 - 0x00007ff81f499000 	C:\WINDOWS\SYSTEM32\textinputframework.dll
0x00007ff83c0b0000 - 0x00007ff83c1a2000 	C:\WINDOWS\System32\CoreMessaging.dll
0x00007ff83bd50000 - 0x00007ff83c0ae000 	C:\WINDOWS\System32\CoreUIComponents.dll
0x00007ff83b680000 - 0x00007ff83b7d4000 	C:\WINDOWS\SYSTEM32\wintypes.dll
0x00007ff820980000 - 0x00007ff820a30000 	C:\WINDOWS\WinSxS\amd64_microsoft.windows.common-controls_6595b64144ccf1df_5.82.19041.1110_none_792d1c772443f647\comctl32.dll
0x00007ff83e9f0000 - 0x00007ff83ea1e000 	C:\WINDOWS\SYSTEM32\USERENV.dll
0x00007ff8386f0000 - 0x00007ff838707000 	C:\WINDOWS\SYSTEM32\dhcpcsvc6.DLL
0x00007ff8386d0000 - 0x00007ff8386ed000 	C:\WINDOWS\SYSTEM32\dhcpcsvc.DLL
0x000000005a5e0000 - 0x000000005a604000 	C:\Program Files\Java\jdk1.8.0_91\jre\bin\sunec.dll
0x000000005a5b0000 - 0x000000005a5da000 	C:\Program Files\Java\jdk1.8.0_91\jre\bin\dcpr.dll
0x00007fffeb210000 - 0x00007fffeb2e1000 	C:\Windows\System32\IME\IMEKR\imkrtip.dll
0x00007ff83a590000 - 0x00007ff83a686000 	C:\WINDOWS\SYSTEM32\PROPSYS.dll
0x00007fffea1a0000 - 0x00007fffea2e2000 	C:\Windows\System32\IME\shared\imetip.dll
0x00007ff805980000 - 0x00007ff805b2e000 	C:\WINDOWS\SYSTEM32\DUI70.dll
0x00007ff837060000 - 0x00007ff8370c6000 	C:\WINDOWS\SYSTEM32\OLEACC.dll
0x00007fffea150000 - 0x00007fffea191000 	C:\Windows\System32\IME\IMEKR\imkrapi.dll
0x00007ff83a4e0000 - 0x00007ff83a583000 	C:\WINDOWS\SYSTEM32\policymanager.dll
0x00007ff83dbb0000 - 0x00007ff83dc3a000 	C:\WINDOWS\SYSTEM32\msvcp110_win.dll
0x00007fffeae90000 - 0x00007fffeaece000 	C:\Windows\System32\IME\shared\imjkapi.dll
0x00007ff837680000 - 0x00007ff837864000 	C:\WINDOWS\SYSTEM32\dbghelp.dll

VM Arguments:
jvm_args: -agentlib:jdwp=transport=dt_socket,suspend=y,address=localhost:61142 -javaagent:D:\eclipse\configuration\org.eclipse.osgi\412\0\.cp\lib\javaagent-shaded.jar -Dfile.encoding=MS949 
java_command: com.ksg.App
java_class_path (initial): C:\Users\pch\git\ksg\target\classes;D:\eclipse\plugins\org.junit_4.13.0.v20200204-1500.jar;D:\eclipse\plugins\org.hamcrest.core_1.3.0.v20180420-1519.jar;C:\Users\pch\.m2\repository\org\springframework\boot\spring-boot-autoconfigure\3.0.0\spring-boot-autoconfigure-3.0.0.jar;C:\Users\pch\.m2\repository\org\springframework\boot\spring-boot\3.0.0\spring-boot-3.0.0.jar;C:\Users\pch\.m2\repository\org\springframework\spring-core\6.0.2\spring-core-6.0.2.jar;C:\Users\pch\.m2\repository\org\springframework\spring-jcl\6.0.2\spring-jcl-6.0.2.jar;C:\Users\pch\.m2\repository\org\springframework\spring-context\6.0.2\spring-context-6.0.2.jar;C:\Users\pch\.m2\repository\org\springframework\spring-aop\6.0.2\spring-aop-6.0.2.jar;C:\Users\pch\.m2\repository\org\springframework\spring-beans\6.0.2\spring-beans-6.0.2.jar;C:\Users\pch\.m2\repository\org\springframework\spring-expression\6.0.2\spring-expression-6.0.2.jar;C:\Users\pch\.m2\repository\org\mybatis\mybatis\3.4.1\mybatis-3.4.1.jar;C:\Users\pch\.m2\repository\org\apache\ibatis\ibatis-sqlmap\2.3.4.726\ibatis-sqlmap-2.3.4.726.jar;C:\Users\pch\.m2\repository\org\apache\logging\log4j\log4j-api\2.17.0\log4j-api-2.17.0.jar;C:\Users\pch\.m2\repository\org\apache\logging\log4j\log4j-core\2.17.2\log4j-core-2.17.2.jar;C:\Users\pch\.m2\repository\org\bgee\log4jdbc-log4j2\log4jdbc-log4j2-jdbc4\1.16\log4jdbc-log4j2-jdbc4-1.16.jar;C:\Users\pch\.m2\repository\ch\qos\logback\logback-classic\1.2.3\logback-classic-1.2.3.jar;C:\Users\pch\.m2\repository\ch\qos\logback\logback-core\1.2.3\logback-core-1.2.3.jar;C:\Users\pch\.m2\repository\org\slf4j\slf4j-api\1.7.25\slf4j-api-1.7.25.jar;C:\Users\pch\.m2\repository\org\apache\commons\commons-lang3\3.4\commons-lang3-3.4.jar;C:\Users\pch\.m2\repository\com\microsoft\sqlserver\mssql-jdbc\9.2.0.jre8\mssql-jdbc-9.2.0.jre8.jar;C:\Users\pch\.m2\repository\org\projectlombok\lombok\1.18.20\lombok-1.18.20.jar;C:\Users\pch\.m2\repository\jdom\jdom\1.0\jdom-1.0.jar;C:\Users\pch\.m2\repo
Launcher Type: SUN_STANDARD

Environment Variables:
JAVA_HOME=C:\Program Files\Java\jdk-17.0.1
PATH=C:\Program Files\Java\jdk1.8.0_91\jre\bin;D:/eclipse//plugins/org.eclipse.justj.openjdk.hotspot.jre.full.win32.x86_64_15.0.2.v20210201-0955/jre/bin/server;D:/eclipse//plugins/org.eclipse.justj.openjdk.hotspot.jre.full.win32.x86_64_15.0.2.v20210201-0955/jre/bin;C:\Program Files\Java\jdk-17.0.1\bin;C:\Program Files\Common Files\Oracle\Java\javapath;C:\Program Files (x86)\Common Files\Oracle\Java\javapath;C:\WINDOWS\system32;C:\WINDOWS;C:\WINDOWS\System32\Wbem;C:\WINDOWS\System32\WindowsPowerShell\v1.0\;C:\WINDOWS\System32\OpenSSH\;C:\Program Files\Microsoft SQL Server\Client SDK\ODBC\170\Tools\Binn\;C:\Program Files (x86)\Microsoft SQL Server\150\Tools\Binn\;C:\Program Files\Microsoft SQL Server\150\Tools\Binn\;C:\Program Files\Microsoft SQL Server\150\DTS\Binn\;C:\Program Files (x86)\Microsoft SQL Server\150\DTS\Binn\;C:\Program Files\Azure Data Studio\bin;C:\apache-maven-3.6.1-bin\apache-maven-3.6.1\bin;C:\Program Files (x86)\PuTTY\;D:\Git\cmd;C:\Program Files\erl-24.0;C:\Program Files\RabbitMQ Server\rabbitmq_server-3.9.2\sbin;C:\Program Files\Docker\Docker\resources\bin;C:\ProgramData\DockerDesktop\version-bin;C:\Program Files\nodejs\;C:\Program Files (x86)\Windows Kits\10\Windows Performance Toolkit\;C:\Program Files (x86)\Windows Kits\10\Microsoft Application Virtualization\Sequencer\;C:\Program Files (x86)\NVIDIA Corporation\PhysX\Common;C:\Program Files\NVIDIA Corporation\NVIDIA NvDLISR;;C:\Users\pch\AppData\Local\Programs\Microsoft VS Code\bin;C:\Users\pch\AppData\Roaming\npm;D:\eclipse;
USERNAME=pch
OS=Windows_NT
PROCESSOR_IDENTIFIER=AMD64 Family 25 Model 33 Stepping 0, AuthenticAMD



---------------  S Y S T E M  ---------------

OS: Windows 10.0 , 64 bit Build 19041 (10.0.19041.2546)

CPU:total 12 (12 cores per cpu, 1 threads per core) family 25 model 33 stepping 0, cmov, cx8, fxsr, mmx, sse, sse2, sse3, ssse3, sse4.1, sse4.2, popcnt, avx, avx2, aes, clmul, erms, mmxext, 3dnowpref, lzcnt, sse4a, tsc, tscinvbit, tscinv, bmi1

Memory: 4k page, physical 41867500k(21049092k free), swap 88275240k(10614220k free)

vm_info: Java HotSpot(TM) 64-Bit Server VM (25.91-b15) for windows-amd64 JRE (1.8.0_91-b15), built on May 20 2016 17:43:15 by "java_re" with MS VC++ 10.0 (VS2010)

time: Wed Apr 05 14:06:50 2023
elapsed time: 62 seconds (0d 0h 1m 2s)

