#
# A fatal error has been detected by the Java Runtime Environment:
#
#  EXCEPTION_ACCESS_VIOLATION (0xc0000005) at pc=0x0000000074d28f45, pid=34780, tid=39188
#
# JRE version: Java(TM) SE Runtime Environment (8.0_91-b15) (build 1.8.0_91-b15)
# Java VM: Java HotSpot(TM) 64-Bit Server VM (25.91-b15 mixed mode windows-amd64 compressed oops)
# Problematic frame:
# V  [jvm.dll+0x128f45]
#
# Failed to write core dump. Minidumps are not enabled by default on client versions of Windows
#
# If you would like to submit a bug report, please visit:
#   http://bugreport.java.com/bugreport/crash.jsp
#

---------------  T H R E A D  ---------------

Current thread (0x000000002a70d000):  JavaThread "JDWP Transport Listener: dt_socket" daemon [_thread_in_vm, id=39188, stack(0x000000002d3c0000,0x000000002d4c0000)]

siginfo: ExceptionCode=0xc0000005, reading address 0xffffffffffffffff

Registers:
RAX=0x000000002d4bf501, RBX=0x000000002a70d000, RCX=0x73655465646f4e65, RDX=0x0000000000000000
RSP=0x000000002d4bf560, RBP=0x73655465646f4e65, RSI=0x000000002d4bf678, RDI=0x000000000228b390
R8 =0x000000002a70d000, R9 =0x0000000000000001, R10=0x0000000000008000, R11=0x000000002d4bf4b0
R12=0x0000000000000000, R13=0x000000002be587f8, R14=0x0000000000000000, R15=0x0000000000000000
RIP=0x0000000074d28f45, EFLAGS=0x0000000000010206

Top of Stack: (sp=0x000000002d4bf560)
0x000000002d4bf560:   000000002a70d000 000000002a70d000
0x000000002d4bf570:   000000002d4bf628 0000000074f2f32b
0x000000002d4bf580:   000000002a70d000 0000000074f4bb8d
0x000000002d4bf590:   0000000000000000 0000000074bd9155
0x000000002d4bf5a0:   000000002dd53b58 0000000074be291e
0x000000002d4bf5b0:   000000002a70d000 0000000000000000
0x000000002d4bf5c0:   0000000000000000 0000000000000000
0x000000002d4bf5d0:   73655465646f4e65 0000000074be1a15
0x000000002d4bf5e0:   000000002d4bf678 000000002d4bf650
0x000000002d4bf5f0:   0000000000000001 000000002dd53b58
0x000000002d4bf600:   73655465646f4e65 0000000074bc53b3
0x000000002d4bf610:   000000002d4bf740 0000000000000001
0x000000002d4bf620:   0000000000000001 000000002dd53b58
0x000000002d4bf630:   0000000000000001 0000000000000000
0x000000002d4bf640:   0000000000000000 0000000000000000
0x000000002d4bf650:   0000000000000001 0000000074bc5571 

Instructions: (pc=0x0000000074d28f45)
0x0000000074d28f25:   cc cc cc cc cc cc cc cc cc cc cc 48 83 ec 28 48
0x0000000074d28f35:   85 c9 75 07 33 c0 48 83 c4 28 c3 48 89 5c 24 20
0x0000000074d28f45:   48 8b 19 48 85 db 74 20 48 83 fb 37 74 1a 48 8b
0x0000000074d28f55:   13 48 8b cb ff 52 10 84 c0 74 0d 48 8b c3 48 8b 


Register to memory mapping:

RAX=0x000000002d4bf501 is pointing into the stack for thread: 0x000000002a70d000
RBX=0x000000002a70d000 is a thread
RCX=0x73655465646f4e65 is an unknown value
RDX=0x0000000000000000 is an unknown value
RSP=0x000000002d4bf560 is pointing into the stack for thread: 0x000000002a70d000
RBP=0x73655465646f4e65 is an unknown value
RSI=0x000000002d4bf678 is pointing into the stack for thread: 0x000000002a70d000
RDI=0x000000000228b390 is an unknown value
R8 =0x000000002a70d000 is a thread
R9 =0x0000000000000001 is an unknown value
R10=0x0000000000008000 is an unknown value
R11=0x000000002d4bf4b0 is pointing into the stack for thread: 0x000000002a70d000
R12=0x0000000000000000 is an unknown value
R13=0x000000002be587f8 is an unknown value
R14=0x0000000000000000 is an unknown value
R15=0x0000000000000000 is an unknown value


Stack: [0x000000002d3c0000,0x000000002d4c0000],  sp=0x000000002d4bf560,  free space=1021k
Native frames: (J=compiled Java code, j=interpreted, Vv=VM code, C=native code)
V  [jvm.dll+0x128f45]
V  [jvm.dll+0x34bb8d]
C  [jdwp.dll+0x21a15]
C  [jdwp.dll+0x53b3]
C  [jdwp.dll+0x5571]
C  [jdwp.dll+0xf0a8]
C  [jdwp.dll+0x1f2d5]
C  [jdwp.dll+0x1f4aa]
V  [jvm.dll+0x1bbf38]
V  [jvm.dll+0x243ae4]
V  [jvm.dll+0x29a99a]
C  [msvcr100.dll+0x21d9f]
C  [msvcr100.dll+0x21e3b]
C  [KERNEL32.DLL+0x17614]
C  [ntdll.dll+0x526a1]


---------------  P R O C E S S  ---------------

Java Threads: ( => current thread )
  0x000000002dce8800 JavaThread "ReaderThread" [_thread_in_native, id=37768, stack(0x000000002e4c0000,0x000000002e5c0000)]
  0x000000002c0b7000 JavaThread "Service Thread" daemon [_thread_blocked, id=28936, stack(0x000000002dac0000,0x000000002dbc0000)]
  0x000000002c0ad000 JavaThread "C1 CompilerThread3" daemon [_thread_blocked, id=37716, stack(0x000000002d9c0000,0x000000002dac0000)]
  0x000000002c0a8800 JavaThread "C2 CompilerThread2" daemon [_thread_blocked, id=36808, stack(0x000000002d8c0000,0x000000002d9c0000)]
  0x000000002c0a1000 JavaThread "C2 CompilerThread1" daemon [_thread_blocked, id=39772, stack(0x000000002d7c0000,0x000000002d8c0000)]
  0x000000002c0a0000 JavaThread "C2 CompilerThread0" daemon [_thread_blocked, id=34848, stack(0x000000002d6c0000,0x000000002d7c0000)]
  0x000000002be63000 JavaThread "JDWP Command Reader" daemon [_thread_in_native, id=40344, stack(0x000000002d5c0000,0x000000002d6c0000)]
  0x000000002be60800 JavaThread "JDWP Event Helper Thread" daemon [_thread_blocked, id=40068, stack(0x000000002d4c0000,0x000000002d5c0000)]
=>0x000000002a70d000 JavaThread "JDWP Transport Listener: dt_socket" daemon [_thread_in_vm, id=39188, stack(0x000000002d3c0000,0x000000002d4c0000)]
  0x000000002be4e800 JavaThread "Attach Listener" daemon [_thread_blocked, id=34328, stack(0x000000002d2c0000,0x000000002d3c0000)]
  0x000000002bdf8800 JavaThread "Signal Dispatcher" daemon [_thread_blocked, id=39624, stack(0x000000002d1c0000,0x000000002d2c0000)]
  0x000000002bdd3000 JavaThread "Finalizer" daemon [_thread_blocked, id=29336, stack(0x000000002d030000,0x000000002d130000)]
  0x00000000029bb000 JavaThread "Reference Handler" daemon [_thread_blocked, id=38848, stack(0x000000002cf30000,0x000000002d030000)]
  0x00000000028c4000 JavaThread "main" [_thread_blocked, id=3220, stack(0x0000000002680000,0x0000000002780000)]

Other Threads:
  0x000000002a6f6800 VMThread [stack: 0x000000002ce30000,0x000000002cf30000] [id=27344]
  0x000000002dc10000 WatcherThread [stack: 0x000000002e3c0000,0x000000002e4c0000] [id=32128]

VM state:not at safepoint (normal execution)

VM Mutex/Monitor currently owned by a thread: None

Heap:
 PSYoungGen      total 190976K, used 72106K [0x00000006eb100000, 0x00000006f8600000, 0x00000007c0000000)
  eden space 163840K, 44% used [0x00000006eb100000,0x00000006ef76aa70,0x00000006f5100000)
  from space 27136K, 0% used [0x00000006f6b80000,0x00000006f6b80000,0x00000006f8600000)
  to   space 27136K, 0% used [0x00000006f5100000,0x00000006f5100000,0x00000006f6b80000)
 ParOldGen       total 437248K, used 0K [0x0000000541200000, 0x000000055bd00000, 0x00000006eb100000)
  object space 437248K, 0% used [0x0000000541200000,0x0000000541200000,0x000000055bd00000)
 Metaspace       used 11623K, capacity 11882K, committed 12160K, reserved 1060864K
  class space    used 1223K, capacity 1295K, committed 1408K, reserved 1048576K

Card table byte_map: [0x0000000011d80000,0x0000000013180000] byte_map_base: 0x000000000f377000

Marking Bits: (ParMarkBitMap*) 0x0000000075412f70
 Begin Bits: [0x00000000148d0000, 0x000000001e888000)
 End Bits:   [0x000000001e888000, 0x0000000028840000)

Polling page: 0x0000000000950000

CodeCache: size=245760Kb used=4084Kb max_used=4095Kb free=241675Kb
 bounds [0x00000000029c0000, 0x0000000002dd0000, 0x00000000119c0000]
 total_blobs=1206 nmethods=874 adapters=254
 compilation: enabled

Compilation events (10 events):
Event: 0.607 Thread 0x000000002c0ad000 nmethod 868 0x0000000002db4d10 code [0x0000000002db4ec0, 0x0000000002db5268]
Event: 0.609 Thread 0x000000002c0a8800 nmethod 867 0x0000000002db1950 code [0x0000000002db1aa0, 0x0000000002db1d18]
Event: 0.609 Thread 0x000000002c0ad000  869       1       java.util.Formatter$Flags::valueOf (5 bytes)
Event: 0.609 Thread 0x000000002c0ad000 nmethod 869 0x0000000002db1690 code [0x0000000002db17e0, 0x0000000002db18f0]
Event: 0.612 Thread 0x000000002c0ad000  871       3       java.lang.invoke.MemberName::getName (25 bytes)
Event: 0.612 Thread 0x000000002c0ad000 nmethod 871 0x0000000002db0410 code [0x0000000002db05a0, 0x0000000002db09e8]
Event: 0.613 Thread 0x000000002c0ad000  873       3       java.lang.invoke.MethodType$ConcurrentWeakInternSet$WeakEntry::equals (49 bytes)
Event: 0.613 Thread 0x000000002c0ad000 nmethod 873 0x0000000002dafad0 code [0x0000000002dafc60, 0x0000000002db02e8]
Event: 0.613 Thread 0x000000002c0ad000  874       3       java.util.Arrays::copyOfRange (11 bytes)
Event: 0.613 Thread 0x000000002c0ad000 nmethod 874 0x0000000002db4890 code [0x0000000002db4a00, 0x0000000002db4c28]

GC Heap History (0 events):
No events

Deoptimization events (1 events):
Event: 0.374 Thread 0x00000000028c4000 Uncommon trap: reason=unstable_if action=reinterpret pc=0x0000000002b75940 method=org.eclipse.jdt.launching.internal.org.objectweb.asm.ClassReader.readUtf(II[C)Ljava/lang/String; @ 41

Internal exceptions (8 events):
Event: 0.026 Thread 0x00000000028c4000 Exception <a 'java/lang/NoSuchMethodError': Method sun.misc.Unsafe.defineClass(Ljava/lang/String;[BII)Ljava/lang/Class; name or signature does not match> (0x00000006eb107cc0) thrown at [C:\re\workspace\8-2-build-windows-amd64-cygwin\jdk8u91\7017\hotspot\srïÞö©Ïš?
Event: 0.026 Thread 0x00000000028c4000 Exception <a 'java/lang/NoSuchMethodError': Method sun.misc.Unsafe.prefetchRead(Ljava/lang/Object;J)V name or signature does not match> (0x00000006eb107fa8) thrown at [C:\re\workspace\8-2-build-windows-amd64-cygwin\jdk8u91\7017\hotspot\src\share\vm\prims\jQÍ›y(À×?
Event: 0.371 Thread 0x00000000028c4000 Exception <a 'java/security/PrivilegedActionException'> (0x00000006ec8a8000) thrown at [C:\re\workspace\8-2-build-windows-amd64-cygwin\jdk8u91\7017\hotspot\src\share\vm\prims\jvm.cpp, line 1386]
Event: 0.371 Thread 0x00000000028c4000 Exception <a 'java/security/PrivilegedActionException'> (0x00000006ec8a83f8) thrown at [C:\re\workspace\8-2-build-windows-amd64-cygwin\jdk8u91\7017\hotspot\src\share\vm\prims\jvm.cpp, line 1386]
Event: 0.372 Thread 0x00000000028c4000 Exception <a 'java/security/PrivilegedActionException'> (0x00000006ec8ac610) thrown at [C:\re\workspace\8-2-build-windows-amd64-cygwin\jdk8u91\7017\hotspot\src\share\vm\prims\jvm.cpp, line 1386]
Event: 0.372 Thread 0x00000000028c4000 Exception <a 'java/security/PrivilegedActionException'> (0x00000006ec8aca08) thrown at [C:\re\workspace\8-2-build-windows-amd64-cygwin\jdk8u91\7017\hotspot\src\share\vm\prims\jvm.cpp, line 1386]
Event: 0.589 Thread 0x00000000028c4000 Exception <a 'java/lang/NoSuchFieldError': method resolution failed> (0x00000006ef31dae0) thrown at [C:\re\workspace\8-2-build-windows-amd64-cygwin\jdk8u91\7017\hotspot\src\share\vm\prims\methodHandles.cpp, line 1146]
Event: 0.591 Thread 0x00000000028c4000 Exception <a 'java/lang/NoSuchFieldError': method resolution failed> (0x00000006ef32ba70) thrown at [C:\re\workspace\8-2-build-windows-amd64-cygwin\jdk8u91\7017\hotspot\src\share\vm\prims\methodHandles.cpp, line 1146]

Events (10 events):
Event: 375.066 Executing VM operation: ChangeBreakpoints
Event: 375.066 Executing VM operation: ChangeBreakpoints done
Event: 375.066 Executing VM operation: ChangeBreakpoints
Event: 375.066 Executing VM operation: ChangeBreakpoints done
Event: 375.115 Executing VM operation: RedefineClasses
Event: 375.120 Executing VM operation: RedefineClasses done
Event: 381.894 Executing VM operation: RedefineClasses
Event: 381.899 Executing VM operation: RedefineClasses done
Event: 384.999 Executing VM operation: RedefineClasses
Event: 385.004 Executing VM operation: RedefineClasses done


Dynamic libraries:
0x00007ff73c710000 - 0x00007ff73c747000 	C:\Program Files\Java\jdk1.8.0_91\bin\javaw.exe
0x00007ffd72510000 - 0x00007ffd72708000 	C:\WINDOWS\SYSTEM32\ntdll.dll
0x00007ffd716b0000 - 0x00007ffd7176f000 	C:\WINDOWS\System32\KERNEL32.DLL
0x00007ffd6fc00000 - 0x00007ffd6fed2000 	C:\WINDOWS\System32\KERNELBASE.dll
0x00007ffd722f0000 - 0x00007ffd7239e000 	C:\WINDOWS\System32\ADVAPI32.dll
0x00007ffd71770000 - 0x00007ffd7180e000 	C:\WINDOWS\System32\msvcrt.dll
0x00007ffd721f0000 - 0x00007ffd7228c000 	C:\WINDOWS\System32\sechost.dll
0x00007ffd71530000 - 0x00007ffd71655000 	C:\WINDOWS\System32\RPCRT4.dll
0x00007ffd70bc0000 - 0x00007ffd70d61000 	C:\WINDOWS\System32\USER32.dll
0x00007ffd70070000 - 0x00007ffd70092000 	C:\WINDOWS\System32\win32u.dll
0x00007ffd720e0000 - 0x00007ffd7210b000 	C:\WINDOWS\System32\GDI32.dll
0x00007ffd702c0000 - 0x00007ffd703cf000 	C:\WINDOWS\System32\gdi32full.dll
0x00007ffd70420000 - 0x00007ffd704bd000 	C:\WINDOWS\System32\msvcp_win.dll
0x00007ffd700a0000 - 0x00007ffd701a0000 	C:\WINDOWS\System32\ucrtbase.dll
0x00007ffd57fe0000 - 0x00007ffd5827a000 	C:\WINDOWS\WinSxS\amd64_microsoft.windows.common-controls_6595b64144ccf1df_6.0.19041.1110_none_60b5254171f9507e\COMCTL32.dll
0x00007ffd71660000 - 0x00007ffd71692000 	C:\WINDOWS\System32\IMM32.DLL
0x00000000754a0000 - 0x0000000075572000 	C:\Program Files\Java\jdk1.8.0_91\jre\bin\msvcr100.dll
0x0000000074c00000 - 0x0000000075493000 	C:\Program Files\Java\jdk1.8.0_91\jre\bin\server\jvm.dll
0x00007ffd714c0000 - 0x00007ffd714c8000 	C:\WINDOWS\System32\PSAPI.DLL
0x00007ffd599c0000 - 0x00007ffd599c9000 	C:\WINDOWS\SYSTEM32\WSOCK32.dll
0x00007ffd69440000 - 0x00007ffd6944a000 	C:\WINDOWS\SYSTEM32\VERSION.dll
0x00007ffd5b170000 - 0x00007ffd5b197000 	C:\WINDOWS\SYSTEM32\WINMM.dll
0x00007ffd71fa0000 - 0x00007ffd7200b000 	C:\WINDOWS\System32\WS2_32.dll
0x00000000770f0000 - 0x00000000770ff000 	C:\Program Files\Java\jdk1.8.0_91\jre\bin\verify.dll
0x00000000770c0000 - 0x00000000770e9000 	C:\Program Files\Java\jdk1.8.0_91\jre\bin\java.dll
0x0000000074bc0000 - 0x0000000074bf5000 	C:\Program Files\Java\jdk1.8.0_91\jre\bin\jdwp.dll
0x00000000770b0000 - 0x00000000770b8000 	C:\Program Files\Java\jdk1.8.0_91\jre\bin\npt.dll
0x0000000074b90000 - 0x0000000074bb3000 	C:\Program Files\Java\jdk1.8.0_91\jre\bin\instrument.dll
0x0000000074b70000 - 0x0000000074b86000 	C:\Program Files\Java\jdk1.8.0_91\jre\bin\zip.dll
0x00007ffd70d70000 - 0x00007ffd714b4000 	C:\WINDOWS\System32\SHELL32.dll
0x00007ffd6dca0000 - 0x00007ffd6e432000 	C:\WINDOWS\SYSTEM32\windows.storage.dll
0x00007ffd70550000 - 0x00007ffd708a5000 	C:\WINDOWS\System32\combase.dll
0x00007ffd6f580000 - 0x00007ffd6f5b0000 	C:\WINDOWS\SYSTEM32\Wldp.dll
0x00007ffd71d20000 - 0x00007ffd71dcd000 	C:\WINDOWS\System32\SHCORE.dll
0x00007ffd714d0000 - 0x00007ffd71525000 	C:\WINDOWS\System32\shlwapi.dll
0x00007ffd6fb40000 - 0x00007ffd6fb5f000 	C:\WINDOWS\SYSTEM32\profapi.dll
0x0000000074b60000 - 0x0000000074b69000 	C:\Program Files\Java\jdk1.8.0_91\jre\bin\dt_socket.dll
0x00007ffd4f400000 - 0x00007ffd4f417000 	C:\WINDOWS\system32\napinsp.dll
0x00007ffd4d670000 - 0x00007ffd4d68b000 	C:\WINDOWS\system32\pnrpnsp.dll
0x00007ffd6ad10000 - 0x00007ffd6ad25000 	C:\WINDOWS\system32\wshbth.dll
0x00007ffd6a420000 - 0x00007ffd6a43d000 	C:\WINDOWS\system32\NLAapi.dll
0x00007ffd6f020000 - 0x00007ffd6f05b000 	C:\WINDOWS\SYSTEM32\IPHLPAPI.DLL
0x00007ffd6f360000 - 0x00007ffd6f3ca000 	C:\WINDOWS\System32\mswsock.dll
0x00007ffd6f060000 - 0x00007ffd6f12a000 	C:\WINDOWS\SYSTEM32\DNSAPI.dll
0x00007ffd716a0000 - 0x00007ffd716a8000 	C:\WINDOWS\System32\NSI.dll
0x00007ffd4d650000 - 0x00007ffd4d662000 	C:\WINDOWS\System32\winrnr.dll
0x00007ffd670c0000 - 0x00007ffd67140000 	C:\WINDOWS\System32\fwpuclnt.dll
0x00007ffd6fee0000 - 0x00007ffd6ff07000 	C:\WINDOWS\System32\bcrypt.dll
0x00007ffd6a830000 - 0x00007ffd6a83a000 	C:\Windows\System32\rasadhlp.dll
0x0000000074b40000 - 0x0000000074b5a000 	C:\Program Files\Java\jdk1.8.0_91\jre\bin\net.dll
0x00007ffd68850000 - 0x00007ffd68a34000 	C:\WINDOWS\SYSTEM32\dbghelp.dll
0x00007ffd704c0000 - 0x00007ffd70542000 	C:\WINDOWS\System32\bcryptPrimitives.dll

VM Arguments:
jvm_args: -agentlib:jdwp=transport=dt_socket,suspend=y,address=localhost:62967 -ea -javaagent:D:\eclipse\configuration\org.eclipse.osgi\412\0\.cp\lib\javaagent-shaded.jar -Dfile.encoding=MS949 
java_command: org.eclipse.jdt.internal.junit.runner.RemoteTestRunner -version 3 -port 62966 -testLoaderClass org.eclipse.jdt.internal.junit4.runner.JUnit4TestLoader -loaderpluginname org.eclipse.jdt.junit4.runtime -classNames com.dtp.api.control.TreeNodeTest
java_class_path (initial): C:\Users\pch\git\ksg2\target\test-classes;C:\Users\pch\git\ksg2\target\classes;D:\eclipse\plugins\org.junit_4.13.0.v20200204-1500.jar;D:\eclipse\plugins\org.hamcrest.core_1.3.0.v20180420-1519.jar;C:\Users\pch\.m2\repository\org\mybatis\mybatis\3.4.1\mybatis-3.4.1.jar;C:\Users\pch\.m2\repository\org\apache\ibatis\ibatis-sqlmap\2.3.4.726\ibatis-sqlmap-2.3.4.726.jar;C:\Users\pch\.m2\repository\org\apache\logging\log4j\log4j-api\2.17.0\log4j-api-2.17.0.jar;C:\Users\pch\.m2\repository\org\apache\logging\log4j\log4j-core\2.17.2\log4j-core-2.17.2.jar;C:\Users\pch\.m2\repository\org\bgee\log4jdbc-log4j2\log4jdbc-log4j2-jdbc4\1.16\log4jdbc-log4j2-jdbc4-1.16.jar;C:\Users\pch\.m2\repository\ch\qos\logback\logback-classic\1.2.3\logback-classic-1.2.3.jar;C:\Users\pch\.m2\repository\ch\qos\logback\logback-core\1.2.3\logback-core-1.2.3.jar;C:\Users\pch\.m2\repository\org\slf4j\slf4j-api\1.7.25\slf4j-api-1.7.25.jar;C:\Users\pch\.m2\repository\org\apache\commons\commons-lang3\3.4\commons-lang3-3.4.jar;C:\Users\pch\.m2\repository\com\microsoft\sqlserver\mssql-jdbc\9.2.0.jre8\mssql-jdbc-9.2.0.jre8.jar;C:\Users\pch\.m2\repository\org\projectlombok\lombok\1.18.20\lombok-1.18.20.jar;C:\Users\pch\.m2\repository\jdom\jdom\1.0\jdom-1.0.jar;C:\Users\pch\.m2\repository\com\fasterxml\jackson\core\jackson-databind\2.11.1\jackson-databind-2.11.1.jar;C:\Users\pch\.m2\repository\com\fasterxml\jackson\core\jackson-core\2.11.1\jackson-core-2.11.1.jar;C:\Users\pch\.m2\repository\com\fasterxml\jackson\core\jackson-annotations\2.11.1\jackson-annotations-2.11.1.jar;C:\Users\pch\.m2\repository\org\apache\poi\poi\3.5-beta5\poi-3.5-beta5.jar;C:\Users\pch\.m2\repository\commons-logging\commons-logging\1.1\commons-logging-1.1.jar;C:\Users\pch\.m2\repository\logkit\logkit\1.0.1\logkit-1.0.1.jar;C:\Users\pch\.m2\repository\avalon-framework\avalon-framework\4.1.3\avalon-framework-4.1.3.jar;C:\Users\pch\.m2\repository\javax\servlet\servlet-api\2.3\servlet-api-2.3.jar;C:\Users\pch\.m2
Launcher Type: SUN_STANDARD

Environment Variables:
JAVA_HOME=C:\Program Files\Java\jdk1.8.0_91
PATH=C:\Program Files\Java\jdk1.8.0_91\jre\bin;D:/eclipse//plugins/org.eclipse.justj.openjdk.hotspot.jre.full.win32.x86_64_15.0.2.v20210201-0955/jre/bin/server;D:/eclipse//plugins/org.eclipse.justj.openjdk.hotspot.jre.full.win32.x86_64_15.0.2.v20210201-0955/jre/bin;C:\Program Files\Java\jdk1.8.0_91\bin;C:\Program Files\Common Files\Oracle\Java\javapath;C:\Program Files (x86)\Common Files\Oracle\Java\javapath;C:\WINDOWS\system32;C:\WINDOWS;C:\WINDOWS\System32\Wbem;C:\WINDOWS\System32\WindowsPowerShell\v1.0\;C:\WINDOWS\System32\OpenSSH\;C:\Program Files\Microsoft SQL Server\Client SDK\ODBC\170\Tools\Binn\;C:\Program Files (x86)\Microsoft SQL Server\150\Tools\Binn\;C:\Program Files\Microsoft SQL Server\150\Tools\Binn\;C:\Program Files\Microsoft SQL Server\150\DTS\Binn\;C:\Program Files (x86)\Microsoft SQL Server\150\DTS\Binn\;C:\Program Files\Azure Data Studio\bin;C:\apache-maven-3.6.1-bin\apache-maven-3.6.1\bin;C:\Program Files (x86)\PuTTY\;D:\Git\cmd;C:\Program Files\erl-24.0;C:\Program Files\RabbitMQ Server\rabbitmq_server-3.9.2\sbin;C:\Program Files\Docker\Docker\resources\bin;C:\ProgramData\DockerDesktop\version-bin;C:\Program Files\nodejs\;C:\Program Files (x86)\Windows Kits\10\Windows Performance Toolkit\;C:\Program Files (x86)\Windows Kits\10\Microsoft Application Virtualization\Sequencer\;;C:\Users\pch\AppData\Local\Programs\Microsoft VS Code\bin;C:\Users\pch\AppData\Roaming\npm;D:\eclipse;
USERNAME=pch
OS=Windows_NT
PROCESSOR_IDENTIFIER=AMD64 Family 25 Model 33 Stepping 0, AuthenticAMD



---------------  S Y S T E M  ---------------

OS: Windows 10.0 , 64 bit Build 19041 (10.0.19041.2364)

CPU:total 12 (12 cores per cpu, 1 threads per core) family 25 model 33 stepping 0, cmov, cx8, fxsr, mmx, sse, sse2, sse3, ssse3, sse4.1, sse4.2, popcnt, avx, avx2, aes, clmul, erms, mmxext, 3dnowpref, lzcnt, sse4a, tsc, tscinvbit, tscinv, bmi1

Memory: 4k page, physical 41867500k(29054240k free), swap 113170668k(94043744k free)

vm_info: Java HotSpot(TM) 64-Bit Server VM (25.91-b15) for windows-amd64 JRE (1.8.0_91-b15), built on May 20 2016 17:43:15 by "java_re" with MS VC++ 10.0 (VS2010)

time: Fri Dec 16 13:38:51 2022
elapsed time: 385 seconds (0d 0h 6m 25s)

