DEBUG - {conn-100000} Connection
DEBUG - {conn-100000} Preparing Statement:    select * from TB_MEMBER where member_id=?  
ERROR - no exist id
DEBUG - {conn-100003} Connection
DEBUG - {conn-100003} Preparing Statement:    select * from TB_MEMBER where member_id=?  
DEBUG - {conn-100006} Connection
DEBUG - {conn-100006} Preparing Statement:       select * from TB_AREA                  
DEBUG - {conn-100009} Connection
DEBUG - {conn-100009} Preparing Statement:    select * from TB_CODE_INFO where    code_type=(select code_field from TB_CODE_INFO where code_name_kor=?) order by code_field     
DEBUG - {conn-100012} Connection
DEBUG - {conn-100012} Preparing Statement:   select area_name from TB_AREA group by area_name   
DEBUG - {conn-100015} Connection
DEBUG - {conn-100015} Preparing Statement:   select area_code from TB_AREA group by area_code   
DEBUG - {conn-100018} Connection
DEBUG - {conn-100018} Preparing Statement:       select * from TB_CODE_INFO where code_type=?    
DEBUG - {conn-100021} Connection
DEBUG - {conn-100021} Preparing Statement:    select * from TB_CODE_INFO   WHERE          code_type = ?                 
INFO - init searchUI start
DEBUG - {conn-100024} Connection
DEBUG - {conn-100024} Preparing Statement:       select * from TB_AREA                  
INFO - init table
INFO - create
INFO - init searchUI end
DEBUG - {conn-100027} Connection
DEBUG - {conn-100027} Preparing Statement:   select * from TB_TABLE_INFO                                        order by page, table_index   
INFO - retirve:3133,[table_id:null,page:-1,date:null,null]
INFO - nomalĹ×ŔĚşí »ýĽş
INFO - consoleĹ×ŔĚşí »ýĽş
INFO - inlandĹ×ŔĚşí »ýĽş
DEBUG - {conn-100030} Connection
DEBUG - {conn-100030} Preparing Statement:    select date_isusse  from TB_TABLE_INFO group by date_isusse order by date_isusse desc  
DEBUG - {conn-100033} Connection
DEBUG - {conn-100033} Preparing Statement:   select date_issue, gubun from TB_SCHEDULE_INFO group by date_issue,gubun 
DEBUG - {conn-100036} Connection
DEBUG - {conn-100036} Preparing Statement:   select date_issue, gubun from TB_INLAND_SCHEDULE_INFO group by date_issue,gubun 
DEBUG - {conn-100039} Connection
DEBUG - {conn-100039} Preparing Statement:   select page, company_abbr from TB_TABLE_INFO group by page, company_abbr  
DEBUG - {conn-100042} Connection
DEBUG - {conn-100042} Preparing Statement:   select page, company_abbr from TB_TABLE_INFO group by page, company_abbr  
DEBUG - {conn-100045} Connection
DEBUG - {conn-100045} Preparing Statement:   select page, company_abbr from TB_TABLE_INFO group by page, company_abbr  
INFO - param:{}
DEBUG - {conn-100048} Connection
DEBUG - {conn-100048} Preparing Statement:    select * from TB_TABLE_INFO                
DEBUG - {conn-100051} Connection
DEBUG - {conn-100051} Preparing Statement:      select * from TB_TABLE_INFO  where table_id=?  
DEBUG - {conn-100054} Connection
DEBUG - {conn-100054} Preparing Statement:      select * from TB_TABLE_INFO  where table_id=?  
DEBUG - {conn-100057} Connection
DEBUG - {conn-100057} Preparing Statement:    select * from TB_TABLE_PORTLIST where table_id=?                   order by port_index   
INFO - param:{}
DEBUG - {conn-100060} Connection
DEBUG - {conn-100060} Preparing Statement:    select * from TB_TABLE_INFO                
INFO - param:{}
DEBUG - {conn-100063} Connection
DEBUG - {conn-100063} Preparing Statement:    select * from TB_TABLE_INFO                
DEBUG - {conn-100066} Connection
DEBUG - {conn-100066} Preparing Statement:   select * from TB_KEY_TYPE where key_type= ?  
DEBUG - {conn-100069} Connection
DEBUG - {conn-100069} Preparing Statement:    select * from TB_CODE_INFO   WHERE          code_type = ?                 
DEBUG - {conn-100072} Connection
DEBUG - {conn-100072} Preparing Statement:    select * from TB_CODE_INFO   WHERE          code_type = ?                 
INFO - param:{}
DEBUG - {conn-100075} Connection
DEBUG - {conn-100075} Preparing Statement:    select count(*) from TB_COMPANY   
DEBUG - {conn-100078} Connection
DEBUG - {conn-100078} Preparing Statement:    select * from TB_COMPANY                                       
