INFO - PROGRAM START
INFO - DB Connected..
DEBUG - create frame start
DEBUG - create frame end
INFO - login...
DEBUG - init frame start
DEBUG - update tree model
INFO - init searchUI start
INFO - init table
INFO - create
INFO - init searchUI end
INFO - retirve:3040,[table_id:null,page:-1,date:null,null]
INFO - nomal테이블 생성
INFO - console테이블 생성
INFO - inland테이블 생성
DEBUG - update Table
DEBUG - select tree 전체:390
DEBUG - selected path:1
DEBUG - init frame end
INFO - update by tree:3
INFO - searched Page size:2
DEBUG - property :0
DEBUG - file add:
DEBUG - import xls
INFO - start
INFO - 엑셀 정보 불러오기
INFO - adv execute:0
INFO - end
DEBUG - end:3
INFO - <=====start=====>
DEBUG - start
DEBUG - execute importxlsfilecommand
INFO - start
DEBUG - read xls file start
INFO - read XLS file=>C:\Users\박창현\Desktop\ksg\123_샘플데이터 보내드립니다!_180710\264 에버그린.xls,company=>Evergreen start
INFO - 
<===search table (0 TO 73)start===>
DEBUG - searching time:4
DEBUG - init time:0
INFO - <====Searched Table Count :5 ====>
INFO - 
<===search table (0 TO 146)start===>
DEBUG - searching time:3
DEBUG - init time:0
INFO - <====Searched Table Count :4 ====>
INFO - 
<===search table (0 TO 75)start===>
DEBUG - searching time:3
DEBUG - init time:0
INFO - <====Searched Table Count :7 ====>
INFO - <====C:\Users\박창현\Desktop\ksg\123_샘플데이터 보내드립니다!_180710\264 에버그린.xls: data extract start ====>
DEBUG - start
DEBUG - start
DEBUG - init table type:1
DEBUG - end
DEBUG - start
DEBUG - start
DEBUG - init table type:1
DEBUG - end
DEBUG - start
DEBUG - start
DEBUG - init table type:1
DEBUG - end
DEBUG - start
DEBUG - start
DEBUG - init table type:1
DEBUG - end
DEBUG - start
DEBUG - start
DEBUG - init table type:1
DEBUG - end
DEBUG - start
DEBUG - start
DEBUG - init table type:1
DEBUG - end
DEBUG - start
DEBUG - start
DEBUG - init table type:1
DEBUG - end
DEBUG - start
DEBUG - start
DEBUG - init table type:1
DEBUG - end
DEBUG - start
DEBUG - start
DEBUG - init table type:1
DEBUG - end
DEBUG - start
DEBUG - start
DEBUG - init table type:1
DEBUG - end
DEBUG - start
DEBUG - start
DEBUG - init table type:1
DEBUG - end
DEBUG - start
DEBUG - start
DEBUG - init table type:1
DEBUG - end
DEBUG - start
DEBUG - start
DEBUG - init table type:1
DEBUG - end
DEBUG - start
DEBUG - start
DEBUG - init table type:1
DEBUG - end
DEBUG - start
DEBUG - start
DEBUG - init table type:1
DEBUG - end
DEBUG - start
DEBUG - start
DEBUG - init table type:1
DEBUG - end
DEBUG - search data time:394
DEBUG - create xlstableMemento
DEBUG - memento pageList:[[table_id:null,page:264,date:null,null], [table_id:null,page:265,date:null,null]]
INFO - tableCount:16
DEBUG - xml create
DEBUG - start
DEBUG - end
INFO - end:resultOK:16
INFO - start
INFO - adv execute:16
DEBUG - <=====end=====>
INFO - start:0
DEBUG - <create xml start>
DEBUG - start
DEBUG - init table type:1
DEBUG - end
DEBUG - start
DEBUG - end:3
DEBUG - vesselCount:3,searched row count:3
DEBUG - portCount:2,searched cell count:3
DEBUG - start
DEBUG - start:5
DEBUG - end:2
DEBUG - <port loacation[table:5,0,VESSEL  ],portCount:2, search start>
DEBUG - start:5
DEBUG - end:2
DEBUG - end:
DEBUG - row:1
DEBUG - start
DEBUG - start:5
DEBUG - end:2
DEBUG - <port loacation[table:5,0,VESSEL  ],portCount:2, search start>
DEBUG - start:5
DEBUG - end:2
DEBUG - end:[Element: <port1/>]
DEBUG - row create end:1
DEBUG - row create end:2
DEBUG - <=====end>
DEBUG - start
DEBUG - init table type:1
DEBUG - end
DEBUG - <create xml start>
DEBUG - start
DEBUG - end:3
DEBUG - vesselCount:3,searched row count:3
DEBUG - portCount:2,searched cell count:3
DEBUG - start
DEBUG - start:5
DEBUG - end:2
DEBUG - <port loacation[table:5,0,VESSEL  ],portCount:2, search start>
DEBUG - start:5
DEBUG - end:2
DEBUG - end:
DEBUG - start
DEBUG - start:5
DEBUG - end:2
DEBUG - <port loacation[table:5,0,VESSEL  ],portCount:2, search start>
DEBUG - start:5
DEBUG - end:2
DEBUG - end:[Element: <port1/>]
DEBUG - table update start
DEBUG - end
INFO - end
INFO - start:1
DEBUG - <create xml start>
DEBUG - start
DEBUG - init table type:1
DEBUG - end
DEBUG - start
DEBUG - end:3
DEBUG - vesselCount:3,searched row count:3
DEBUG - portCount:4,searched cell count:3
DEBUG - start
DEBUG - start:5
DEBUG - end:2
DEBUG - <port loacation[table:5,5,VESSEL],portCount:4, search start>
DEBUG - start:5
DEBUG - end:2
DEBUG - end:
DEBUG - row:1
DEBUG - start
DEBUG - start:5
DEBUG - end:2
DEBUG - <port loacation[table:5,5,VESSEL],portCount:4, search start>
DEBUG - start:5
DEBUG - end:2
DEBUG - end:[Element: <port1/>]
DEBUG - row create end:1
DEBUG - row create end:2
DEBUG - <=====end>
DEBUG - start
DEBUG - init table type:1
DEBUG - end
DEBUG - <create xml start>
DEBUG - start
DEBUG - end:3
DEBUG - vesselCount:3,searched row count:3
DEBUG - portCount:4,searched cell count:3
DEBUG - start
DEBUG - start:5
DEBUG - end:2
DEBUG - <port loacation[table:5,5,VESSEL],portCount:4, search start>
DEBUG - start:5
DEBUG - end:2
DEBUG - end:
DEBUG - start
DEBUG - start:5
DEBUG - end:2
DEBUG - <port loacation[table:5,5,VESSEL],portCount:4, search start>
DEBUG - start:5
DEBUG - end:2
DEBUG - end:[Element: <port1/>]
DEBUG - table update start
DEBUG - end
INFO - end
INFO - start:2
DEBUG - <create xml start>
DEBUG - start
DEBUG - init table type:1
DEBUG - end
DEBUG - start
DEBUG - end:7
DEBUG - vesselCount:7,searched row count:7
DEBUG - portCount:10,searched cell count:7
DEBUG - start
DEBUG - start:11
DEBUG - end:2
DEBUG - <port loacation[table:11,0,VESSEL],portCount:10, search start>
DEBUG - start:11
DEBUG - end:2
DEBUG - end:
DEBUG - row:1
DEBUG - start
DEBUG - start:11
DEBUG - end:2
DEBUG - <port loacation[table:11,0,VESSEL],portCount:10, search start>
DEBUG - start:11
DEBUG - end:2
DEBUG - end:[Element: <port1/>]
DEBUG - row create end:1
DEBUG - row create end:2
DEBUG - row create end:3
DEBUG - row create end:4
DEBUG - row create end:5
DEBUG - row create end:6
DEBUG - <=====end>
DEBUG - start
DEBUG - init table type:1
DEBUG - end
DEBUG - <create xml start>
DEBUG - start
DEBUG - end:7
DEBUG - vesselCount:7,searched row count:7
DEBUG - portCount:10,searched cell count:7
DEBUG - start
DEBUG - start:11
DEBUG - end:2
DEBUG - <port loacation[table:11,0,VESSEL],portCount:10, search start>
DEBUG - start:11
DEBUG - end:2
DEBUG - end:
DEBUG - start
DEBUG - start:11
DEBUG - end:2
DEBUG - <port loacation[table:11,0,VESSEL],portCount:10, search start>
DEBUG - start:11
DEBUG - end:2
DEBUG - end:[Element: <port1/>]
DEBUG - table update start
DEBUG - end
INFO - end
INFO - start:3
DEBUG - <create xml start>
DEBUG - start
DEBUG - init table type:1
DEBUG - end
DEBUG - start
DEBUG - end:7
DEBUG - vesselCount:7,searched row count:7
DEBUG - portCount:14,searched cell count:7
DEBUG - start
DEBUG - start:21
DEBUG - end:2
DEBUG - <port loacation[table:21,0,VESSEL],portCount:14, search start>
DEBUG - start:21
DEBUG - end:2
DEBUG - end:
DEBUG - row:1
DEBUG - start
DEBUG - start:21
DEBUG - end:2
DEBUG - <port loacation[table:21,0,VESSEL],portCount:14, search start>
DEBUG - start:21
DEBUG - end:2
DEBUG - end:[Element: <port1/>]
DEBUG - row create end:1
DEBUG - row create end:2
DEBUG - row create end:3
DEBUG - row create end:4
DEBUG - row create end:5
DEBUG - row create end:6
DEBUG - <=====end>
DEBUG - start
DEBUG - init table type:1
DEBUG - end
DEBUG - <create xml start>
DEBUG - start
DEBUG - end:7
DEBUG - vesselCount:7,searched row count:7
DEBUG - portCount:14,searched cell count:7
DEBUG - start
DEBUG - start:21
DEBUG - end:2
DEBUG - <port loacation[table:21,0,VESSEL],portCount:14, search start>
DEBUG - start:21
DEBUG - end:2
DEBUG - end:
DEBUG - start
DEBUG - start:21
DEBUG - end:2
DEBUG - <port loacation[table:21,0,VESSEL],portCount:14, search start>
DEBUG - start:21
DEBUG - end:2
DEBUG - end:[Element: <port1/>]
DEBUG - table update start
DEBUG - end
INFO - end
INFO - start:4
DEBUG - <create xml start>
DEBUG - start
DEBUG - init table type:1
DEBUG - end
DEBUG - start
DEBUG - end:5
DEBUG - vesselCount:5,searched row count:5
DEBUG - portCount:13,searched cell count:5
DEBUG - start
DEBUG - start:31
DEBUG - end:2
DEBUG - <port loacation[table:31,0,VESSEL],portCount:13, search start>
DEBUG - start:31
DEBUG - end:2
DEBUG - end:
DEBUG - row:1
DEBUG - start
DEBUG - start:31
DEBUG - end:2
DEBUG - <port loacation[table:31,0,VESSEL],portCount:13, search start>
DEBUG - start:31
DEBUG - end:2
DEBUG - end:[Element: <port1/>]
DEBUG - row create end:1
DEBUG - row create end:2
DEBUG - row create end:3
DEBUG - row create end:4
DEBUG - <=====end>
DEBUG - start
DEBUG - init table type:1
DEBUG - end
DEBUG - <create xml start>
DEBUG - start
DEBUG - end:5
DEBUG - vesselCount:5,searched row count:5
DEBUG - portCount:13,searched cell count:5
DEBUG - start
DEBUG - start:31
DEBUG - end:2
DEBUG - <port loacation[table:31,0,VESSEL],portCount:13, search start>
DEBUG - start:31
DEBUG - end:2
DEBUG - end:
DEBUG - start
DEBUG - start:31
DEBUG - end:2
DEBUG - <port loacation[table:31,0,VESSEL],portCount:13, search start>
DEBUG - start:31
DEBUG - end:2
DEBUG - end:[Element: <port1/>]
DEBUG - table update start
DEBUG - end
INFO - tableinfo : EVGE12_6,com.ksg.domain.Table_Property@3c641ba0
DEBUG - com.ksg.domain.Table_Property@3c641ba0
INFO - end
INFO - start:5
DEBUG - <create xml start>
DEBUG - start
DEBUG - init table type:1
DEBUG - end
DEBUG - start
DEBUG - end:5
DEBUG - vesselCount:5,searched row count:5
DEBUG - portCount:20,searched cell count:5
DEBUG - start
DEBUG - start:1
DEBUG - end:2
DEBUG - <port loacation[table:1,1,VESSEL],portCount:20, search start>
DEBUG - start:1
DEBUG - end:2
DEBUG - end:
DEBUG - row:1
DEBUG - start
DEBUG - start:1
DEBUG - end:2
DEBUG - <port loacation[table:1,1,VESSEL],portCount:20, search start>
DEBUG - start:1
DEBUG - end:2
DEBUG - end:[Element: <port1/>]
DEBUG - row create end:1
DEBUG - row create end:2
DEBUG - row create end:3
DEBUG - row create end:4
DEBUG - <=====end>
DEBUG - start
DEBUG - init table type:1
DEBUG - end
DEBUG - <create xml start>
DEBUG - start
DEBUG - end:5
DEBUG - vesselCount:5,searched row count:5
DEBUG - portCount:20,searched cell count:5
DEBUG - start
DEBUG - start:1
DEBUG - end:2
DEBUG - <port loacation[table:1,1,VESSEL],portCount:20, search start>
DEBUG - start:1
DEBUG - end:2
DEBUG - end:
DEBUG - start
DEBUG - start:1
DEBUG - end:2
DEBUG - <port loacation[table:1,1,VESSEL],portCount:20, search start>
DEBUG - start:1
DEBUG - end:2
DEBUG - end:[Element: <port1/>]
DEBUG - table update start
DEBUG - end
INFO - end
INFO - start:6
DEBUG - <create xml start>
DEBUG - start
DEBUG - init table type:1
DEBUG - end
DEBUG - start
DEBUG - end:9
DEBUG - vesselCount:9,searched row count:9
DEBUG - portCount:20,searched cell count:9
DEBUG - start
DEBUG - start:13
DEBUG - end:2
DEBUG - <port loacation[table:13,1,VESSEL],portCount:20, search start>
DEBUG - start:13
DEBUG - end:2
DEBUG - end:
DEBUG - row:1
DEBUG - start
DEBUG - start:13
DEBUG - end:2
DEBUG - <port loacation[table:13,1,VESSEL],portCount:20, search start>
DEBUG - start:13
DEBUG - end:2
DEBUG - end:[Element: <port1/>]
DEBUG - row create end:1
DEBUG - row create end:2
DEBUG - row create end:3
DEBUG - row create end:4
DEBUG - row create end:5
DEBUG - row create end:6
DEBUG - row create end:7
DEBUG - row create end:8
DEBUG - <=====end>
DEBUG - start
DEBUG - init table type:1
DEBUG - end
DEBUG - <create xml start>
DEBUG - start
DEBUG - end:9
DEBUG - vesselCount:9,searched row count:9
DEBUG - portCount:20,searched cell count:9
DEBUG - start
DEBUG - start:13
DEBUG - end:2
DEBUG - <port loacation[table:13,1,VESSEL],portCount:20, search start>
DEBUG - start:13
DEBUG - end:2
DEBUG - end:
DEBUG - start
DEBUG - start:13
DEBUG - end:2
DEBUG - <port loacation[table:13,1,VESSEL],portCount:20, search start>
DEBUG - start:13
DEBUG - end:2
DEBUG - end:[Element: <port1/>]
DEBUG - table update start
DEBUG - end
INFO - end
INFO - start:7
DEBUG - <create xml start>
DEBUG - start
DEBUG - init table type:1
DEBUG - end
DEBUG - start
DEBUG - end:5
DEBUG - vesselCount:5,searched row count:5
DEBUG - portCount:6,searched cell count:5
DEBUG - start
DEBUG - start:33
DEBUG - end:2
DEBUG - <port loacation[table:33,1,VESSEL],portCount:6, search start>
DEBUG - start:33
DEBUG - end:2
DEBUG - end:
DEBUG - row:1
DEBUG - start
DEBUG - start:33
DEBUG - end:2
DEBUG - <port loacation[table:33,1,VESSEL],portCount:6, search start>
DEBUG - start:33
DEBUG - end:2
DEBUG - end:[Element: <port1/>]
DEBUG - row create end:1
DEBUG - row create end:2
DEBUG - row create end:3
DEBUG - row create end:4
DEBUG - <=====end>
DEBUG - start
DEBUG - init table type:1
DEBUG - end
DEBUG - <create xml start>
DEBUG - start
DEBUG - end:5
DEBUG - vesselCount:5,searched row count:5
DEBUG - portCount:6,searched cell count:5
DEBUG - start
DEBUG - start:33
DEBUG - end:2
DEBUG - <port loacation[table:33,1,VESSEL],portCount:6, search start>
DEBUG - start:33
DEBUG - end:2
DEBUG - end:
DEBUG - start
DEBUG - start:33
DEBUG - end:2
DEBUG - <port loacation[table:33,1,VESSEL],portCount:6, search start>
DEBUG - start:33
DEBUG - end:2
DEBUG - end:[Element: <port1/>]
DEBUG - table update start
DEBUG - end
INFO - end
INFO - start:8
DEBUG - <create xml start>
DEBUG - start
DEBUG - init table type:1
DEBUG - end
DEBUG - start
DEBUG - end:5
DEBUG - vesselCount:5,searched row count:5
DEBUG - portCount:6,searched cell count:5
DEBUG - start
DEBUG - start:45
DEBUG - end:2
DEBUG - <port loacation[table:45,1,VESSEL],portCount:6, search start>
DEBUG - start:45
DEBUG - end:2
DEBUG - end:
DEBUG - row:1
DEBUG - start
DEBUG - start:45
DEBUG - end:2
DEBUG - <port loacation[table:45,1,VESSEL],portCount:6, search start>
DEBUG - start:45
DEBUG - end:2
DEBUG - end:[Element: <port1/>]
DEBUG - row create end:1
DEBUG - row create end:2
DEBUG - row create end:3
DEBUG - row create end:4
DEBUG - <=====end>
DEBUG - start
DEBUG - init table type:1
DEBUG - end
DEBUG - <create xml start>
DEBUG - start
DEBUG - end:5
DEBUG - vesselCount:5,searched row count:5
DEBUG - portCount:6,searched cell count:5
DEBUG - start
DEBUG - start:45
DEBUG - end:2
DEBUG - <port loacation[table:45,1,VESSEL],portCount:6, search start>
DEBUG - start:45
DEBUG - end:2
DEBUG - end:
DEBUG - start
DEBUG - start:45
DEBUG - end:2
DEBUG - <port loacation[table:45,1,VESSEL],portCount:6, search start>
DEBUG - start:45
DEBUG - end:2
DEBUG - end:[Element: <port1/>]
DEBUG - table update start
DEBUG - end
INFO - end
INFO - start:9
DEBUG - <create xml start>
DEBUG - start
DEBUG - init table type:1
DEBUG - end
DEBUG - start
DEBUG - end:9
DEBUG - vesselCount:9,searched row count:9
DEBUG - portCount:19,searched cell count:9
DEBUG - start
DEBUG - start:11
DEBUG - end:2
DEBUG - <port loacation[table:11,1,        VESSEL      ],portCount:19, search start>
DEBUG - start:11
DEBUG - end:2
DEBUG - end:
DEBUG - row:1
DEBUG - start
DEBUG - start:11
DEBUG - end:2
DEBUG - <port loacation[table:11,1,        VESSEL      ],portCount:19, search start>
DEBUG - start:11
DEBUG - end:2
DEBUG - end:[Element: <port1/>]
DEBUG - row create end:1
DEBUG - row create end:2
DEBUG - row create end:3
DEBUG - row create end:4
DEBUG - row create end:5
DEBUG - row create end:6
DEBUG - row create end:7
DEBUG - row create end:8
DEBUG - <=====end>
DEBUG - start
DEBUG - init table type:1
DEBUG - end
DEBUG - <create xml start>
DEBUG - start
DEBUG - end:9
DEBUG - vesselCount:9,searched row count:9
DEBUG - portCount:19,searched cell count:9
DEBUG - start
DEBUG - start:11
DEBUG - end:2
DEBUG - <port loacation[table:11,1,        VESSEL      ],portCount:19, search start>
DEBUG - start:11
DEBUG - end:2
DEBUG - end:
DEBUG - start
DEBUG - start:11
DEBUG - end:2
DEBUG - <port loacation[table:11,1,        VESSEL      ],portCount:19, search start>
DEBUG - start:11
DEBUG - end:2
DEBUG - end:[Element: <port1/>]
DEBUG - table update start
DEBUG - end
INFO - end
INFO - start:10
DEBUG - <create xml start>
DEBUG - start
DEBUG - init table type:1
DEBUG - end
DEBUG - start
DEBUG - end:7
DEBUG - vesselCount:7,searched row count:7
DEBUG - portCount:19,searched cell count:7
DEBUG - start
DEBUG - start:21
DEBUG - end:2
DEBUG - <port loacation[table:21,1,       VESSEL      ],portCount:19, search start>
DEBUG - start:21
DEBUG - end:2
DEBUG - end:
DEBUG - row:1
DEBUG - start
DEBUG - start:21
DEBUG - end:2
DEBUG - <port loacation[table:21,1,       VESSEL      ],portCount:19, search start>
DEBUG - start:21
DEBUG - end:2
DEBUG - end:[Element: <port1/>]
DEBUG - row create end:1
DEBUG - row create end:2
DEBUG - row create end:3
DEBUG - row create end:4
DEBUG - row create end:5
DEBUG - row create end:6
DEBUG - <=====end>
DEBUG - start
DEBUG - init table type:1
DEBUG - end
DEBUG - <create xml start>
DEBUG - start
DEBUG - end:7
DEBUG - vesselCount:7,searched row count:7
DEBUG - portCount:19,searched cell count:7
DEBUG - start
DEBUG - start:21
DEBUG - end:2
DEBUG - <port loacation[table:21,1,       VESSEL      ],portCount:19, search start>
DEBUG - start:21
DEBUG - end:2
DEBUG - end:
DEBUG - start
DEBUG - start:21
DEBUG - end:2
DEBUG - <port loacation[table:21,1,       VESSEL      ],portCount:19, search start>
DEBUG - start:21
DEBUG - end:2
DEBUG - end:[Element: <port1/>]
DEBUG - table update start
DEBUG - end
INFO - end
INFO - start:11
DEBUG - <create xml start>
DEBUG - start
DEBUG - init table type:1
DEBUG - end
DEBUG - start
DEBUG - end:5
DEBUG - vesselCount:5,searched row count:5
DEBUG - portCount:20,searched cell count:5
DEBUG - start
DEBUG - start:29
DEBUG - end:2
DEBUG - <port loacation[table:29,1,      VESSEL      ],portCount:20, search start>
DEBUG - start:29
DEBUG - end:2
DEBUG - not have voyage cell, decrease port Count 20,19
DEBUG - end:
DEBUG - row:1
DEBUG - start
DEBUG - start:29
DEBUG - end:2
DEBUG - <port loacation[table:29,1,      VESSEL      ],portCount:20, search start>
DEBUG - start:29
DEBUG - end:2
DEBUG - not have voyage cell, decrease port Count 20,19
DEBUG - end:[Element: <port1/>]
DEBUG - row create end:1
DEBUG - row create end:2
DEBUG - row create end:3
DEBUG - row create end:4
DEBUG - <=====end>
DEBUG - start
DEBUG - init table type:1
DEBUG - end
DEBUG - <create xml start>
DEBUG - start
DEBUG - end:5
DEBUG - vesselCount:5,searched row count:5
DEBUG - portCount:20,searched cell count:5
DEBUG - start
DEBUG - start:29
DEBUG - end:2
DEBUG - <port loacation[table:29,1,      VESSEL      ],portCount:20, search start>
DEBUG - start:29
DEBUG - end:2
DEBUG - not have voyage cell, decrease port Count 20,19
DEBUG - end:
DEBUG - start
DEBUG - start:29
DEBUG - end:2
DEBUG - <port loacation[table:29,1,      VESSEL      ],portCount:20, search start>
DEBUG - start:29
DEBUG - end:2
DEBUG - not have voyage cell, decrease port Count 20,19
DEBUG - end:[Element: <port1/>]
DEBUG - table update start
DEBUG - end
INFO - end
INFO - start:12
DEBUG - <create xml start>
DEBUG - start
DEBUG - init table type:1
DEBUG - end
DEBUG - start
DEBUG - end:7
DEBUG - vesselCount:7,searched row count:7
DEBUG - portCount:16,searched cell count:7
DEBUG - start
DEBUG - start:35
DEBUG - end:2
DEBUG - <port loacation[table:35,1,       VESSEL      ],portCount:16, search start>
DEBUG - start:35
DEBUG - end:2
DEBUG - end:
DEBUG - row:1
DEBUG - start
DEBUG - start:35
DEBUG - end:2
DEBUG - <port loacation[table:35,1,       VESSEL      ],portCount:16, search start>
DEBUG - start:35
DEBUG - end:2
DEBUG - end:[Element: <port1/>]
DEBUG - row create end:1
DEBUG - row create end:2
DEBUG - row create end:3
DEBUG - row create end:4
DEBUG - row create end:5
DEBUG - row create end:6
DEBUG - <=====end>
DEBUG - start
DEBUG - init table type:1
DEBUG - end
DEBUG - <create xml start>
DEBUG - start
DEBUG - end:7
DEBUG - vesselCount:7,searched row count:7
DEBUG - portCount:16,searched cell count:7
DEBUG - start
DEBUG - start:35
DEBUG - end:2
DEBUG - <port loacation[table:35,1,       VESSEL      ],portCount:16, search start>
DEBUG - start:35
DEBUG - end:2
DEBUG - end:
DEBUG - start
DEBUG - start:35
DEBUG - end:2
DEBUG - <port loacation[table:35,1,       VESSEL      ],portCount:16, search start>
DEBUG - start:35
DEBUG - end:2
DEBUG - end:[Element: <port1/>]
DEBUG - table update start
DEBUG - end
INFO - end
INFO - start:13
DEBUG - <create xml start>
DEBUG - start
DEBUG - init table type:1
DEBUG - end
DEBUG - start
DEBUG - end:5
DEBUG - vesselCount:5,searched row count:5
DEBUG - portCount:8,searched cell count:5
DEBUG - start
DEBUG - start:43
DEBUG - end:2
DEBUG - <port loacation[table:43,1,       VESSEL      ],portCount:8, search start>
DEBUG - start:43
DEBUG - end:2
DEBUG - end:
DEBUG - row:1
DEBUG - start
DEBUG - start:43
DEBUG - end:2
DEBUG - <port loacation[table:43,1,       VESSEL      ],portCount:8, search start>
DEBUG - start:43
DEBUG - end:2
DEBUG - end:[Element: <port1/>]
DEBUG - row create end:1
DEBUG - row create end:2
DEBUG - row create end:3
DEBUG - row create end:4
DEBUG - <=====end>
DEBUG - start
DEBUG - init table type:1
DEBUG - end
DEBUG - <create xml start>
DEBUG - start
DEBUG - end:5
DEBUG - vesselCount:5,searched row count:5
DEBUG - portCount:8,searched cell count:5
DEBUG - start
DEBUG - start:43
DEBUG - end:2
DEBUG - <port loacation[table:43,1,       VESSEL      ],portCount:8, search start>
DEBUG - start:43
DEBUG - end:2
DEBUG - end:
DEBUG - start
DEBUG - start:43
DEBUG - end:2
DEBUG - <port loacation[table:43,1,       VESSEL      ],portCount:8, search start>
DEBUG - start:43
DEBUG - end:2
DEBUG - end:[Element: <port1/>]
DEBUG - table update start
DEBUG - end
INFO - end
INFO - start:14
DEBUG - <create xml start>
DEBUG - start
DEBUG - init table type:1
DEBUG - end
DEBUG - start
DEBUG - end:4
DEBUG - vesselCount:4,searched row count:4
DEBUG - portCount:15,searched cell count:4
DEBUG - start
DEBUG - start:51
DEBUG - end:2
DEBUG - <port loacation[table:51,1,      VESSEL      ],portCount:15, search start>
DEBUG - start:51
DEBUG - end:2
DEBUG - end:
DEBUG - row:1
DEBUG - start
DEBUG - start:51
DEBUG - end:2
DEBUG - <port loacation[table:51,1,      VESSEL      ],portCount:15, search start>
DEBUG - start:51
DEBUG - end:2
DEBUG - end:[Element: <port1/>]
DEBUG - row create end:1
DEBUG - row create end:2
DEBUG - row create end:3
DEBUG - <=====end>
DEBUG - start
DEBUG - init table type:1
DEBUG - end
DEBUG - <create xml start>
DEBUG - start
DEBUG - end:4
DEBUG - vesselCount:4,searched row count:4
DEBUG - portCount:15,searched cell count:4
DEBUG - start
DEBUG - start:51
DEBUG - end:2
DEBUG - <port loacation[table:51,1,      VESSEL      ],portCount:15, search start>
DEBUG - start:51
DEBUG - end:2
DEBUG - end:
DEBUG - start
DEBUG - start:51
DEBUG - end:2
DEBUG - <port loacation[table:51,1,      VESSEL      ],portCount:15, search start>
DEBUG - start:51
DEBUG - end:2
DEBUG - end:[Element: <port1/>]
DEBUG - table update start
DEBUG - end
INFO - end
INFO - start:15
DEBUG - <create xml start>
DEBUG - start
DEBUG - init table type:1
DEBUG - end
DEBUG - start
DEBUG - end:7
DEBUG - vesselCount:7,searched row count:7
DEBUG - portCount:6,searched cell count:7
DEBUG - start
DEBUG - start:56
DEBUG - end:2
DEBUG - <port loacation[table:56,1,        VESSEL      ],portCount:6, search start>
DEBUG - start:56
DEBUG - end:2
DEBUG - end:
DEBUG - row:1
DEBUG - start
DEBUG - start:56
DEBUG - end:2
DEBUG - <port loacation[table:56,1,        VESSEL      ],portCount:6, search start>
DEBUG - start:56
DEBUG - end:2
DEBUG - end:[Element: <port1/>]
DEBUG - row create end:1
DEBUG - row create end:2
DEBUG - row create end:3
DEBUG - row create end:4
DEBUG - row create end:5
DEBUG - row create end:6
DEBUG - <=====end>
DEBUG - start
DEBUG - init table type:1
DEBUG - end
DEBUG - <create xml start>
DEBUG - start
DEBUG - end:7
DEBUG - vesselCount:7,searched row count:7
DEBUG - portCount:6,searched cell count:7
DEBUG - start
DEBUG - start:56
DEBUG - end:2
DEBUG - <port loacation[table:56,1,        VESSEL      ],portCount:6, search start>
DEBUG - start:56
DEBUG - end:2
DEBUG - end:
DEBUG - start
DEBUG - start:56
DEBUG - end:2
DEBUG - <port loacation[table:56,1,        VESSEL      ],portCount:6, search start>
DEBUG - start:56
DEBUG - end:2
DEBUG - end:[Element: <port1/>]
DEBUG - table update start
DEBUG - end
INFO - end
INFO - end
